<?xml version="1.0" encoding="UTF-8"?>
<robot generator="Robot 5.0.1 (Python 3.10.4 on win32)" generated="20220626 19:48:48.757" rpa="false" schemaversion="3">
<suite id="s1" name="Base" source="C:\Users\Luana\Desktop\Robot\Dia_04\base.robot">
<test id="s1-t1" name="Cenario: GET Todos os Usuarios 200" line="13">
<kw name="Criar Sessao">
<kw name="Create Session" library="RequestsLibrary">
<arg>serverest</arg>
<arg>http://localhost:3000/</arg>
<doc>Create Session: create a HTTP session to a server</doc>
<msg timestamp="20220626 19:48:49.583" level="INFO">Creating Session using : alias=serverest, url=http://localhost:3000/, headers={},                     cookies={}, auth=None, timeout=None, proxies=None, verify=False,                     debug=0 </msg>
<status status="PASS" starttime="20220626 19:48:49.583" endtime="20220626 19:48:49.583"/>
</kw>
<status status="PASS" starttime="20220626 19:48:49.583" endtime="20220626 19:48:49.585"/>
</kw>
<kw name="GET endpoint /usuarios" library="usuarios_keywords">
<kw name="GET On Session" library="RequestsLibrary">
<var>${response}</var>
<arg>serverest</arg>
<arg>/usuarios</arg>
<doc>Sends a GET request on a previously created HTTP Session.</doc>
<msg timestamp="20220626 19:48:49.666" level="INFO">GET Request : url=http://localhost:3000/usuarios 
 path_url=/usuarios 
 headers={'User-Agent': 'python-requests/2.28.0', 'Accept-Encoding': 'gzip, deflate', 'Accept': '*/*', 'Connection': 'keep-alive'} 
 body=None 
 </msg>
<msg timestamp="20220626 19:48:49.666" level="INFO">GET Response : url=http://localhost:3000/usuarios 
 status=200, reason=OK 
 headers={'Access-Control-Allow-Origin': '*', 'x-dns-prefetch-control': 'off', 'x-frame-options': 'SAMEORIGIN', 'strict-transport-security': 'max-age=15552000; includeSubDomains', 'x-download-options': 'noopen', 'x-content-type-options': 'nosniff', 'x-xss-protection': '1; mode=block', 'x-moesif-transaction-id': '26631641-a7e6-48d9-a3d6-b5cdd7e9f3d7', 'Content-Type': 'application/json; charset=utf-8', 'Content-Length': '253', 'Date': 'Sun, 26 Jun 2022 22:48:49 GMT', 'Connection': 'keep-alive', 'Keep-Alive': 'timeout=5'} 
 body={
    "quantidade": 1,
    "usuarios": [
        {
            "nome": "Fulano da Silva",
            "email": "fulano@qa.com",
            "password": "teste",
            "administrador": "true",
            "_id": "0uxuPY0cbmQhpEz1"
        }
    ]
} 
 </msg>
<msg timestamp="20220626 19:48:49.666" level="INFO">${response} = &lt;Response [200]&gt;</msg>
<status status="PASS" starttime="20220626 19:48:49.585" endtime="20220626 19:48:49.666"/>
</kw>
<kw name="Log To Console" library="BuiltIn">
<arg>Response: ${response.content}</arg>
<doc>Logs the given message to the console.</doc>
<status status="PASS" starttime="20220626 19:48:49.682" endtime="20220626 19:48:49.688"/>
</kw>
<kw name="Set Global Variable" library="BuiltIn">
<arg>${response}</arg>
<doc>Makes a variable available globally in all tests and suites.</doc>
<msg timestamp="20220626 19:48:49.690" level="INFO">${response} = &lt;Response [200]&gt;</msg>
<status status="PASS" starttime="20220626 19:48:49.689" endtime="20220626 19:48:49.690"/>
</kw>
<status status="PASS" starttime="20220626 19:48:49.585" endtime="20220626 19:48:49.691"/>
</kw>
<kw name="Validar status code &quot;200&quot;" library="common" sourcename="Validar status code &quot;${statuscode}&quot;">
<kw name="Should Be True" library="BuiltIn">
<arg>${response.status_code} == ${statuscode}</arg>
<doc>Fails if the given condition is not true.</doc>
<status status="PASS" starttime="20220626 19:48:49.697" endtime="20220626 19:48:49.697"/>
</kw>
<status status="PASS" starttime="20220626 19:48:49.696" endtime="20220626 19:48:49.697"/>
</kw>
<tag>GET.USUARIOS</tag>
<tag>USUARIOS</tag>
<status status="PASS" starttime="20220626 19:48:49.582" endtime="20220626 19:48:49.703"/>
</test>
<test id="s1-t2" name="Cenario: GET Usuario Especifico 200" line="19">
<kw name="Criar Sessao">
<kw name="Create Session" library="RequestsLibrary">
<arg>serverest</arg>
<arg>http://localhost:3000/</arg>
<doc>Create Session: create a HTTP session to a server</doc>
<msg timestamp="20220626 19:48:49.710" level="INFO">Creating Session using : alias=serverest, url=http://localhost:3000/, headers={},                     cookies={}, auth=None, timeout=None, proxies=None, verify=False,                     debug=0 </msg>
<status status="PASS" starttime="20220626 19:48:49.710" endtime="20220626 19:48:49.710"/>
</kw>
<status status="PASS" starttime="20220626 19:48:49.710" endtime="20220626 19:48:49.710"/>
</kw>
<kw name="Cadastrar usuario_valido1_adm e armazenar id" library="usuarios_keywords" sourcename="Cadastrar ${tipo_de_usuario} e armazenar id">
<kw name="Criar ${tipo_de_usuario} estatico" library="usuarios_keywords" sourcename="Criar ${tipo_de_usuario} estatico">
<kw name="Importar JSON estatico" library="common">
<var>${json}</var>
<arg>json_usuario_ex.json</arg>
<kw name="Get File" library="OperatingSystem">
<var>${arquivo}</var>
<arg>${EXECDIR}/${nome_arquivo}</arg>
<doc>Returns the contents of a specified file.</doc>
<msg timestamp="20220626 19:48:49.715" level="INFO" html="true">Getting file '&lt;a href="file://C:\Users\Luana\Desktop\Robot\Dia_04\json_usuario_ex.json"&gt;C:\Users\Luana\Desktop\Robot\Dia_04\json_usuario_ex.json&lt;/a&gt;'.</msg>
<msg timestamp="20220626 19:48:49.715" level="INFO">${arquivo} = {
    "usuario_valido1_adm": {
        "nome": "James Bond",
        "email": "james.bond@gmail.com",
        "password": "teste123",
        "administrador": "true"
    },
    "usuario_valido2_adm": ...</msg>
<status status="PASS" starttime="20220626 19:48:49.715" endtime="20220626 19:48:49.715"/>
</kw>
<kw name="Evaluate" library="BuiltIn">
<var>${data}</var>
<arg>json.loads('''${arquivo}''')</arg>
<arg>json</arg>
<doc>Evaluates the given expression in Python and returns the result.</doc>
<msg timestamp="20220626 19:48:49.715" level="INFO">${data} = {'usuario_valido1_adm': {'nome': 'James Bond', 'email': 'james.bond@gmail.com', 'password': 'teste123', 'administrador': 'true'}, 'usuario_valido2_adm': {'nome': 'Robert Baxter', 'email': 'robert.baxt...</msg>
<status status="PASS" starttime="20220626 19:48:49.715" endtime="20220626 19:48:49.715"/>
</kw>
<msg timestamp="20220626 19:48:49.715" level="INFO">${json} = {'usuario_valido1_adm': {'nome': 'James Bond', 'email': 'james.bond@gmail.com', 'password': 'teste123', 'administrador': 'true'}, 'usuario_valido2_adm': {'nome': 'Robert Baxter', 'email': 'robert.baxt...</msg>
<status status="PASS" starttime="20220626 19:48:49.715" endtime="20220626 19:48:49.715"/>
</kw>
<kw name="Set Variable" library="BuiltIn">
<var>${payload}</var>
<arg>${json["${tipo_de_usuario}"]}</arg>
<doc>Returns the given values which can then be assigned to a variables.</doc>
<msg timestamp="20220626 19:48:49.715" level="INFO">${payload} = {'nome': 'James Bond', 'email': 'james.bond@gmail.com', 'password': 'teste123', 'administrador': 'true'}</msg>
<status status="PASS" starttime="20220626 19:48:49.715" endtime="20220626 19:48:49.715"/>
</kw>
<kw name="Set Global Variable" library="BuiltIn">
<arg>${payload}</arg>
<doc>Makes a variable available globally in all tests and suites.</doc>
<msg timestamp="20220626 19:48:49.722" level="INFO">${payload} = {'nome': 'James Bond', 'email': 'james.bond@gmail.com', 'password': 'teste123', 'administrador': 'true'}</msg>
<status status="PASS" starttime="20220626 19:48:49.715" endtime="20220626 19:48:49.722"/>
</kw>
<status status="PASS" starttime="20220626 19:48:49.715" endtime="20220626 19:48:49.722"/>
</kw>
<kw name="POST endpoint /usuarios" library="usuarios_keywords">
<kw name="POST On Session" library="RequestsLibrary">
<var>${response}</var>
<arg>serverest</arg>
<arg>/usuarios</arg>
<arg>json=&amp;{payload}</arg>
<arg>expected_status=any</arg>
<doc>Sends a POST request on a previously created HTTP Session.</doc>
<msg timestamp="20220626 19:48:49.763" level="INFO">POST Request : url=http://localhost:3000/usuarios 
 path_url=/usuarios 
 headers={'User-Agent': 'python-requests/2.28.0', 'Accept-Encoding': 'gzip, deflate', 'Accept': '*/*', 'Connection': 'keep-alive', 'Content-Length': '104', 'Content-Type': 'application/json'} 
 body=b'{"nome": "James Bond", "email": "james.bond@gmail.com", "password": "teste123", "administrador": "true"}' 
 </msg>
<msg timestamp="20220626 19:48:49.765" level="INFO">POST Response : url=http://localhost:3000/usuarios 
 status=201, reason=Created 
 headers={'Access-Control-Allow-Origin': '*', 'x-dns-prefetch-control': 'off', 'x-frame-options': 'SAMEORIGIN', 'strict-transport-security': 'max-age=15552000; includeSubDomains', 'x-download-options': 'noopen', 'x-content-type-options': 'nosniff', 'x-xss-protection': '1; mode=block', 'x-moesif-transaction-id': '5103515a-06bb-4fd4-b299-e92353e3348e', 'Content-Type': 'application/json; charset=utf-8', 'Content-Length': '82', 'Date': 'Sun, 26 Jun 2022 22:48:49 GMT', 'Connection': 'keep-alive', 'Keep-Alive': 'timeout=5'} 
 body={
    "message": "Cadastro realizado com sucesso",
    "_id": "2ByREBsppIc7s4yG"
} 
 </msg>
<msg timestamp="20220626 19:48:49.765" level="INFO">${response} = &lt;Response [201]&gt;</msg>
<status status="PASS" starttime="20220626 19:48:49.723" endtime="20220626 19:48:49.765"/>
</kw>
<kw name="Log To Console" library="BuiltIn">
<arg>Response: ${response.content}</arg>
<doc>Logs the given message to the console.</doc>
<status status="PASS" starttime="20220626 19:48:49.765" endtime="20220626 19:48:49.767"/>
</kw>
<kw name="Set Global Variable" library="BuiltIn">
<arg>${response}</arg>
<doc>Makes a variable available globally in all tests and suites.</doc>
<msg timestamp="20220626 19:48:49.768" level="INFO">${response} = &lt;Response [201]&gt;</msg>
<status status="PASS" starttime="20220626 19:48:49.767" endtime="20220626 19:48:49.768"/>
</kw>
<status status="PASS" starttime="20220626 19:48:49.722" endtime="20220626 19:48:49.769"/>
</kw>
<kw name="Set Variable" library="BuiltIn">
<var>${id_usuario}</var>
<arg>${response.json()["_id"]}</arg>
<doc>Returns the given values which can then be assigned to a variables.</doc>
<msg timestamp="20220626 19:48:49.769" level="INFO">${id_usuario} = 2ByREBsppIc7s4yG</msg>
<status status="PASS" starttime="20220626 19:48:49.769" endtime="20220626 19:48:49.769"/>
</kw>
<kw name="Set Global Variable" library="BuiltIn">
<arg>${id_usuario}</arg>
<doc>Makes a variable available globally in all tests and suites.</doc>
<msg timestamp="20220626 19:48:49.769" level="INFO">${id_usuario} = 2ByREBsppIc7s4yG</msg>
<status status="PASS" starttime="20220626 19:48:49.769" endtime="20220626 19:48:49.769"/>
</kw>
<status status="PASS" starttime="20220626 19:48:49.714" endtime="20220626 19:48:49.772"/>
</kw>
<kw name="GET endpoint /usuarios especifico" library="usuarios_keywords">
<arg>${id_usuario}</arg>
<kw name="GET On Session" library="RequestsLibrary">
<var>${response}</var>
<arg>serverest</arg>
<arg>/usuarios/${id_usuario}</arg>
<arg>expected_status=any</arg>
<doc>Sends a GET request on a previously created HTTP Session.</doc>
<msg timestamp="20220626 19:48:49.775" level="INFO">GET Request : url=http://localhost:3000/usuarios/2ByREBsppIc7s4yG 
 path_url=/usuarios/2ByREBsppIc7s4yG 
 headers={'User-Agent': 'python-requests/2.28.0', 'Accept-Encoding': 'gzip, deflate', 'Accept': '*/*', 'Connection': 'keep-alive'} 
 body=None 
 </msg>
<msg timestamp="20220626 19:48:49.775" level="INFO">GET Response : url=http://localhost:3000/usuarios/2ByREBsppIc7s4yG 
 status=200, reason=OK 
 headers={'Access-Control-Allow-Origin': '*', 'x-dns-prefetch-control': 'off', 'x-frame-options': 'SAMEORIGIN', 'strict-transport-security': 'max-age=15552000; includeSubDomains', 'x-download-options': 'noopen', 'x-content-type-options': 'nosniff', 'x-xss-protection': '1; mode=block', 'x-moesif-transaction-id': 'a53d1a30-06a9-4e93-b2ff-51f4a07b5324', 'Content-Type': 'application/json; charset=utf-8', 'Content-Length': '153', 'Date': 'Sun, 26 Jun 2022 22:48:49 GMT', 'Connection': 'keep-alive', 'Keep-Alive': 'timeout=5'} 
 body={
    "nome": "James Bond",
    "email": "james.bond@gmail.com",
    "password": "teste123",
    "administrador": "true",
    "_id": "2ByREBsppIc7s4yG"
} 
 </msg>
<msg timestamp="20220626 19:48:49.775" level="INFO">${response} = &lt;Response [200]&gt;</msg>
<status status="PASS" starttime="20220626 19:48:49.773" endtime="20220626 19:48:49.775"/>
</kw>
<kw name="Log To Console" library="BuiltIn">
<arg>Response: ${response.content}</arg>
<doc>Logs the given message to the console.</doc>
<status status="PASS" starttime="20220626 19:48:49.775" endtime="20220626 19:48:49.786"/>
</kw>
<kw name="Set Global Variable" library="BuiltIn">
<arg>${response}</arg>
<doc>Makes a variable available globally in all tests and suites.</doc>
<msg timestamp="20220626 19:48:49.787" level="INFO">${response} = &lt;Response [200]&gt;</msg>
<status status="PASS" starttime="20220626 19:48:49.786" endtime="20220626 19:48:49.788"/>
</kw>
<status status="PASS" starttime="20220626 19:48:49.772" endtime="20220626 19:48:49.788"/>
</kw>
<kw name="Validar status code &quot;200&quot;" library="common" sourcename="Validar status code &quot;${statuscode}&quot;">
<kw name="Should Be True" library="BuiltIn">
<arg>${response.status_code} == ${statuscode}</arg>
<doc>Fails if the given condition is not true.</doc>
<status status="PASS" starttime="20220626 19:48:49.791" endtime="20220626 19:48:49.795"/>
</kw>
<status status="PASS" starttime="20220626 19:48:49.789" endtime="20220626 19:48:49.795"/>
</kw>
<tag>GET.USUARIO</tag>
<tag>USUARIOS</tag>
<status status="PASS" starttime="20220626 19:48:49.708" endtime="20220626 19:48:49.796"/>
</test>
<test id="s1-t3" name="Cenario: GET Usuario Especifico ID Invalido 400" line="26">
<kw name="Criar Sessao">
<kw name="Create Session" library="RequestsLibrary">
<arg>serverest</arg>
<arg>http://localhost:3000/</arg>
<doc>Create Session: create a HTTP session to a server</doc>
<msg timestamp="20220626 19:48:49.801" level="INFO">Creating Session using : alias=serverest, url=http://localhost:3000/, headers={},                     cookies={}, auth=None, timeout=None, proxies=None, verify=False,                     debug=0 </msg>
<status status="PASS" starttime="20220626 19:48:49.801" endtime="20220626 19:48:49.801"/>
</kw>
<status status="PASS" starttime="20220626 19:48:49.801" endtime="20220626 19:48:49.801"/>
</kw>
<kw name="GET endpoint /usuarios especifico" library="usuarios_keywords">
<arg>${id_invalido}</arg>
<kw name="GET On Session" library="RequestsLibrary">
<var>${response}</var>
<arg>serverest</arg>
<arg>/usuarios/${id_usuario}</arg>
<arg>expected_status=any</arg>
<doc>Sends a GET request on a previously created HTTP Session.</doc>
<msg timestamp="20220626 19:48:49.813" level="INFO">GET Request : url=http://localhost:3000/usuarios/IdInvalido123 
 path_url=/usuarios/IdInvalido123 
 headers={'User-Agent': 'python-requests/2.28.0', 'Accept-Encoding': 'gzip, deflate', 'Accept': '*/*', 'Connection': 'keep-alive'} 
 body=None 
 </msg>
<msg timestamp="20220626 19:48:49.813" level="INFO">GET Response : url=http://localhost:3000/usuarios/IdInvalido123 
 status=400, reason=Bad Request 
 headers={'Access-Control-Allow-Origin': '*', 'x-dns-prefetch-control': 'off', 'x-frame-options': 'SAMEORIGIN', 'strict-transport-security': 'max-age=15552000; includeSubDomains', 'x-download-options': 'noopen', 'x-content-type-options': 'nosniff', 'x-xss-protection': '1; mode=block', 'x-moesif-transaction-id': 'e131805f-ec68-4c2d-b7c6-d8cc974df6f7', 'Content-Type': 'application/json; charset=utf-8', 'Content-Length': '45', 'Date': 'Sun, 26 Jun 2022 22:48:49 GMT', 'Connection': 'keep-alive', 'Keep-Alive': 'timeout=5'} 
 body={
    "message": "Usuário não encontrado"
} 
 </msg>
<msg timestamp="20220626 19:48:49.813" level="INFO">${response} = &lt;Response [400]&gt;</msg>
<status status="PASS" starttime="20220626 19:48:49.807" endtime="20220626 19:48:49.813"/>
</kw>
<kw name="Log To Console" library="BuiltIn">
<arg>Response: ${response.content}</arg>
<doc>Logs the given message to the console.</doc>
<status status="PASS" starttime="20220626 19:48:49.813" endtime="20220626 19:48:49.821"/>
</kw>
<kw name="Set Global Variable" library="BuiltIn">
<arg>${response}</arg>
<doc>Makes a variable available globally in all tests and suites.</doc>
<msg timestamp="20220626 19:48:49.822" level="INFO">${response} = &lt;Response [400]&gt;</msg>
<status status="PASS" starttime="20220626 19:48:49.821" endtime="20220626 19:48:49.822"/>
</kw>
<status status="PASS" starttime="20220626 19:48:49.806" endtime="20220626 19:48:49.823"/>
</kw>
<kw name="Validar status code &quot;400&quot;" library="common" sourcename="Validar status code &quot;${statuscode}&quot;">
<kw name="Should Be True" library="BuiltIn">
<arg>${response.status_code} == ${statuscode}</arg>
<doc>Fails if the given condition is not true.</doc>
<status status="PASS" starttime="20220626 19:48:49.829" endtime="20220626 19:48:49.829"/>
</kw>
<status status="PASS" starttime="20220626 19:48:49.828" endtime="20220626 19:48:49.829"/>
</kw>
<kw name="Validar a Mensagem &quot;Usuário não encontrado&quot;" library="common" sourcename="Validar a mensagem &quot;${mensagem}&quot;">
<kw name="Should Be Equal" library="BuiltIn">
<arg>${response.json()["message"]}</arg>
<arg>${mensagem}</arg>
<doc>Fails if the given objects are unequal.</doc>
<status status="PASS" starttime="20220626 19:48:49.831" endtime="20220626 19:48:49.832"/>
</kw>
<status status="PASS" starttime="20220626 19:48:49.831" endtime="20220626 19:48:49.832"/>
</kw>
<tag>GET.USUARIO.ERRO</tag>
<tag>USUARIOS</tag>
<status status="PASS" starttime="20220626 19:48:49.799" endtime="20220626 19:48:49.834"/>
</test>
<test id="s1-t4" name="Cenario: POST Cadastrar Usuario 201" line="34">
<kw name="Criar Sessao">
<kw name="Create Session" library="RequestsLibrary">
<arg>serverest</arg>
<arg>http://localhost:3000/</arg>
<doc>Create Session: create a HTTP session to a server</doc>
<msg timestamp="20220626 19:48:49.840" level="INFO">Creating Session using : alias=serverest, url=http://localhost:3000/, headers={},                     cookies={}, auth=None, timeout=None, proxies=None, verify=False,                     debug=0 </msg>
<status status="PASS" starttime="20220626 19:48:49.840" endtime="20220626 19:48:49.840"/>
</kw>
<status status="PASS" starttime="20220626 19:48:49.839" endtime="20220626 19:48:49.840"/>
</kw>
<kw name="Criar usuario_valido_nao_adm estatico" library="usuarios_keywords" sourcename="Criar ${tipo_de_usuario} estatico">
<kw name="Importar JSON estatico" library="common">
<var>${json}</var>
<arg>json_usuario_ex.json</arg>
<kw name="Get File" library="OperatingSystem">
<var>${arquivo}</var>
<arg>${EXECDIR}/${nome_arquivo}</arg>
<doc>Returns the contents of a specified file.</doc>
<msg timestamp="20220626 19:48:49.842" level="INFO" html="true">Getting file '&lt;a href="file://C:\Users\Luana\Desktop\Robot\Dia_04\json_usuario_ex.json"&gt;C:\Users\Luana\Desktop\Robot\Dia_04\json_usuario_ex.json&lt;/a&gt;'.</msg>
<msg timestamp="20220626 19:48:49.842" level="INFO">${arquivo} = {
    "usuario_valido1_adm": {
        "nome": "James Bond",
        "email": "james.bond@gmail.com",
        "password": "teste123",
        "administrador": "true"
    },
    "usuario_valido2_adm": ...</msg>
<status status="PASS" starttime="20220626 19:48:49.842" endtime="20220626 19:48:49.842"/>
</kw>
<kw name="Evaluate" library="BuiltIn">
<var>${data}</var>
<arg>json.loads('''${arquivo}''')</arg>
<arg>json</arg>
<doc>Evaluates the given expression in Python and returns the result.</doc>
<msg timestamp="20220626 19:48:49.842" level="INFO">${data} = {'usuario_valido1_adm': {'nome': 'James Bond', 'email': 'james.bond@gmail.com', 'password': 'teste123', 'administrador': 'true'}, 'usuario_valido2_adm': {'nome': 'Robert Baxter', 'email': 'robert.baxt...</msg>
<status status="PASS" starttime="20220626 19:48:49.842" endtime="20220626 19:48:49.842"/>
</kw>
<msg timestamp="20220626 19:48:49.842" level="INFO">${json} = {'usuario_valido1_adm': {'nome': 'James Bond', 'email': 'james.bond@gmail.com', 'password': 'teste123', 'administrador': 'true'}, 'usuario_valido2_adm': {'nome': 'Robert Baxter', 'email': 'robert.baxt...</msg>
<status status="PASS" starttime="20220626 19:48:49.841" endtime="20220626 19:48:49.842"/>
</kw>
<kw name="Set Variable" library="BuiltIn">
<var>${payload}</var>
<arg>${json["${tipo_de_usuario}"]}</arg>
<doc>Returns the given values which can then be assigned to a variables.</doc>
<msg timestamp="20220626 19:48:49.842" level="INFO">${payload} = {'nome': 'Jhonny Bravo', 'email': 'jhony.bravo@gmail.com', 'password': 'teste123', 'administrador': 'false'}</msg>
<status status="PASS" starttime="20220626 19:48:49.842" endtime="20220626 19:48:49.842"/>
</kw>
<kw name="Set Global Variable" library="BuiltIn">
<arg>${payload}</arg>
<doc>Makes a variable available globally in all tests and suites.</doc>
<msg timestamp="20220626 19:48:49.842" level="INFO">${payload} = {'nome': 'Jhonny Bravo', 'email': 'jhony.bravo@gmail.com', 'password': 'teste123', 'administrador': 'false'}</msg>
<status status="PASS" starttime="20220626 19:48:49.842" endtime="20220626 19:48:49.842"/>
</kw>
<status status="PASS" starttime="20220626 19:48:49.841" endtime="20220626 19:48:49.842"/>
</kw>
<kw name="POST endpoint /usuarios" library="usuarios_keywords">
<kw name="POST On Session" library="RequestsLibrary">
<var>${response}</var>
<arg>serverest</arg>
<arg>/usuarios</arg>
<arg>json=&amp;{payload}</arg>
<arg>expected_status=any</arg>
<doc>Sends a POST request on a previously created HTTP Session.</doc>
<msg timestamp="20220626 19:48:49.858" level="INFO">POST Request : url=http://localhost:3000/usuarios 
 path_url=/usuarios 
 headers={'User-Agent': 'python-requests/2.28.0', 'Accept-Encoding': 'gzip, deflate', 'Accept': '*/*', 'Connection': 'keep-alive', 'Content-Length': '108', 'Content-Type': 'application/json'} 
 body=b'{"nome": "Jhonny Bravo", "email": "jhony.bravo@gmail.com", "password": "teste123", "administrador": "false"}' 
 </msg>
<msg timestamp="20220626 19:48:49.858" level="INFO">POST Response : url=http://localhost:3000/usuarios 
 status=201, reason=Created 
 headers={'Access-Control-Allow-Origin': '*', 'x-dns-prefetch-control': 'off', 'x-frame-options': 'SAMEORIGIN', 'strict-transport-security': 'max-age=15552000; includeSubDomains', 'x-download-options': 'noopen', 'x-content-type-options': 'nosniff', 'x-xss-protection': '1; mode=block', 'x-moesif-transaction-id': '3fdb31d8-6f8a-4ac2-a686-0a250790d109', 'Content-Type': 'application/json; charset=utf-8', 'Content-Length': '82', 'Date': 'Sun, 26 Jun 2022 22:48:49 GMT', 'Connection': 'keep-alive', 'Keep-Alive': 'timeout=5'} 
 body={
    "message": "Cadastro realizado com sucesso",
    "_id": "lcjLZd9ULmCWbuyz"
} 
 </msg>
<msg timestamp="20220626 19:48:49.859" level="INFO">${response} = &lt;Response [201]&gt;</msg>
<status status="PASS" starttime="20220626 19:48:49.847" endtime="20220626 19:48:49.859"/>
</kw>
<kw name="Log To Console" library="BuiltIn">
<arg>Response: ${response.content}</arg>
<doc>Logs the given message to the console.</doc>
<status status="PASS" starttime="20220626 19:48:49.859" endtime="20220626 19:48:49.862"/>
</kw>
<kw name="Set Global Variable" library="BuiltIn">
<arg>${response}</arg>
<doc>Makes a variable available globally in all tests and suites.</doc>
<msg timestamp="20220626 19:48:49.863" level="INFO">${response} = &lt;Response [201]&gt;</msg>
<status status="PASS" starttime="20220626 19:48:49.862" endtime="20220626 19:48:49.863"/>
</kw>
<status status="PASS" starttime="20220626 19:48:49.847" endtime="20220626 19:48:49.863"/>
</kw>
<kw name="Validar status code &quot;201&quot;" library="common" sourcename="Validar status code &quot;${statuscode}&quot;">
<kw name="Should Be True" library="BuiltIn">
<arg>${response.status_code} == ${statuscode}</arg>
<doc>Fails if the given condition is not true.</doc>
<status status="PASS" starttime="20220626 19:48:49.865" endtime="20220626 19:48:49.868"/>
</kw>
<status status="PASS" starttime="20220626 19:48:49.864" endtime="20220626 19:48:49.868"/>
</kw>
<kw name="Validar a Mensagem &quot;Cadastro realizado com sucesso&quot;" library="common" sourcename="Validar a mensagem &quot;${mensagem}&quot;">
<kw name="Should Be Equal" library="BuiltIn">
<arg>${response.json()["message"]}</arg>
<arg>${mensagem}</arg>
<doc>Fails if the given objects are unequal.</doc>
<status status="PASS" starttime="20220626 19:48:49.870" endtime="20220626 19:48:49.871"/>
</kw>
<status status="PASS" starttime="20220626 19:48:49.869" endtime="20220626 19:48:49.871"/>
</kw>
<tag>POST.USUARIO</tag>
<tag>USUARIOS</tag>
<status status="PASS" starttime="20220626 19:48:49.836" endtime="20220626 19:48:49.874"/>
</test>
<test id="s1-t5" name="Cenario: POST Cadastrar Usuario Email Utilizado 400" line="42">
<kw name="Criar Sessao">
<kw name="Create Session" library="RequestsLibrary">
<arg>serverest</arg>
<arg>http://localhost:3000/</arg>
<doc>Create Session: create a HTTP session to a server</doc>
<msg timestamp="20220626 19:48:49.882" level="INFO">Creating Session using : alias=serverest, url=http://localhost:3000/, headers={},                     cookies={}, auth=None, timeout=None, proxies=None, verify=False,                     debug=0 </msg>
<status status="PASS" starttime="20220626 19:48:49.881" endtime="20220626 19:48:49.882"/>
</kw>
<status status="PASS" starttime="20220626 19:48:49.880" endtime="20220626 19:48:49.882"/>
</kw>
<kw name="Cadastrar usuario_cadastro_email_igual e armazenar id" library="usuarios_keywords" sourcename="Cadastrar ${tipo_de_usuario} e armazenar id">
<kw name="Criar ${tipo_de_usuario} estatico" library="usuarios_keywords" sourcename="Criar ${tipo_de_usuario} estatico">
<kw name="Importar JSON estatico" library="common">
<var>${json}</var>
<arg>json_usuario_ex.json</arg>
<kw name="Get File" library="OperatingSystem">
<var>${arquivo}</var>
<arg>${EXECDIR}/${nome_arquivo}</arg>
<doc>Returns the contents of a specified file.</doc>
<msg timestamp="20220626 19:48:49.884" level="INFO" html="true">Getting file '&lt;a href="file://C:\Users\Luana\Desktop\Robot\Dia_04\json_usuario_ex.json"&gt;C:\Users\Luana\Desktop\Robot\Dia_04\json_usuario_ex.json&lt;/a&gt;'.</msg>
<msg timestamp="20220626 19:48:49.884" level="INFO">${arquivo} = {
    "usuario_valido1_adm": {
        "nome": "James Bond",
        "email": "james.bond@gmail.com",
        "password": "teste123",
        "administrador": "true"
    },
    "usuario_valido2_adm": ...</msg>
<status status="PASS" starttime="20220626 19:48:49.884" endtime="20220626 19:48:49.884"/>
</kw>
<kw name="Evaluate" library="BuiltIn">
<var>${data}</var>
<arg>json.loads('''${arquivo}''')</arg>
<arg>json</arg>
<doc>Evaluates the given expression in Python and returns the result.</doc>
<msg timestamp="20220626 19:48:49.884" level="INFO">${data} = {'usuario_valido1_adm': {'nome': 'James Bond', 'email': 'james.bond@gmail.com', 'password': 'teste123', 'administrador': 'true'}, 'usuario_valido2_adm': {'nome': 'Robert Baxter', 'email': 'robert.baxt...</msg>
<status status="PASS" starttime="20220626 19:48:49.884" endtime="20220626 19:48:49.884"/>
</kw>
<msg timestamp="20220626 19:48:49.889" level="INFO">${json} = {'usuario_valido1_adm': {'nome': 'James Bond', 'email': 'james.bond@gmail.com', 'password': 'teste123', 'administrador': 'true'}, 'usuario_valido2_adm': {'nome': 'Robert Baxter', 'email': 'robert.baxt...</msg>
<status status="PASS" starttime="20220626 19:48:49.884" endtime="20220626 19:48:49.889"/>
</kw>
<kw name="Set Variable" library="BuiltIn">
<var>${payload}</var>
<arg>${json["${tipo_de_usuario}"]}</arg>
<doc>Returns the given values which can then be assigned to a variables.</doc>
<msg timestamp="20220626 19:48:49.891" level="INFO">${payload} = {'nome': 'Harry Petter', 'email': 'harry.petter@gmail.com', 'password': 'teste123', 'administrador': 'true'}</msg>
<status status="PASS" starttime="20220626 19:48:49.889" endtime="20220626 19:48:49.891"/>
</kw>
<kw name="Set Global Variable" library="BuiltIn">
<arg>${payload}</arg>
<doc>Makes a variable available globally in all tests and suites.</doc>
<msg timestamp="20220626 19:48:49.892" level="INFO">${payload} = {'nome': 'Harry Petter', 'email': 'harry.petter@gmail.com', 'password': 'teste123', 'administrador': 'true'}</msg>
<status status="PASS" starttime="20220626 19:48:49.891" endtime="20220626 19:48:49.892"/>
</kw>
<status status="PASS" starttime="20220626 19:48:49.884" endtime="20220626 19:48:49.892"/>
</kw>
<kw name="POST endpoint /usuarios" library="usuarios_keywords">
<kw name="POST On Session" library="RequestsLibrary">
<var>${response}</var>
<arg>serverest</arg>
<arg>/usuarios</arg>
<arg>json=&amp;{payload}</arg>
<arg>expected_status=any</arg>
<doc>Sends a POST request on a previously created HTTP Session.</doc>
<msg timestamp="20220626 19:48:49.898" level="INFO">POST Request : url=http://localhost:3000/usuarios 
 path_url=/usuarios 
 headers={'User-Agent': 'python-requests/2.28.0', 'Accept-Encoding': 'gzip, deflate', 'Accept': '*/*', 'Connection': 'keep-alive', 'Content-Length': '108', 'Content-Type': 'application/json'} 
 body=b'{"nome": "Harry Petter", "email": "harry.petter@gmail.com", "password": "teste123", "administrador": "true"}' 
 </msg>
<msg timestamp="20220626 19:48:49.898" level="INFO">POST Response : url=http://localhost:3000/usuarios 
 status=201, reason=Created 
 headers={'Access-Control-Allow-Origin': '*', 'x-dns-prefetch-control': 'off', 'x-frame-options': 'SAMEORIGIN', 'strict-transport-security': 'max-age=15552000; includeSubDomains', 'x-download-options': 'noopen', 'x-content-type-options': 'nosniff', 'x-xss-protection': '1; mode=block', 'x-moesif-transaction-id': 'e7c9648a-5f72-43cb-9580-9e3bf878cca4', 'Content-Type': 'application/json; charset=utf-8', 'Content-Length': '82', 'Date': 'Sun, 26 Jun 2022 22:48:49 GMT', 'Connection': 'keep-alive', 'Keep-Alive': 'timeout=5'} 
 body={
    "message": "Cadastro realizado com sucesso",
    "_id": "b57rQOVFOAf3nH55"
} 
 </msg>
<msg timestamp="20220626 19:48:49.898" level="INFO">${response} = &lt;Response [201]&gt;</msg>
<status status="PASS" starttime="20220626 19:48:49.893" endtime="20220626 19:48:49.898"/>
</kw>
<kw name="Log To Console" library="BuiltIn">
<arg>Response: ${response.content}</arg>
<doc>Logs the given message to the console.</doc>
<status status="PASS" starttime="20220626 19:48:49.898" endtime="20220626 19:48:49.907"/>
</kw>
<kw name="Set Global Variable" library="BuiltIn">
<arg>${response}</arg>
<doc>Makes a variable available globally in all tests and suites.</doc>
<msg timestamp="20220626 19:48:49.908" level="INFO">${response} = &lt;Response [201]&gt;</msg>
<status status="PASS" starttime="20220626 19:48:49.907" endtime="20220626 19:48:49.908"/>
</kw>
<status status="PASS" starttime="20220626 19:48:49.892" endtime="20220626 19:48:49.909"/>
</kw>
<kw name="Set Variable" library="BuiltIn">
<var>${id_usuario}</var>
<arg>${response.json()["_id"]}</arg>
<doc>Returns the given values which can then be assigned to a variables.</doc>
<msg timestamp="20220626 19:48:49.910" level="INFO">${id_usuario} = b57rQOVFOAf3nH55</msg>
<status status="PASS" starttime="20220626 19:48:49.909" endtime="20220626 19:48:49.910"/>
</kw>
<kw name="Set Global Variable" library="BuiltIn">
<arg>${id_usuario}</arg>
<doc>Makes a variable available globally in all tests and suites.</doc>
<msg timestamp="20220626 19:48:49.910" level="INFO">${id_usuario} = b57rQOVFOAf3nH55</msg>
<status status="PASS" starttime="20220626 19:48:49.910" endtime="20220626 19:48:49.910"/>
</kw>
<status status="PASS" starttime="20220626 19:48:49.883" endtime="20220626 19:48:49.910"/>
</kw>
<kw name="POST endpoint /usuarios" library="usuarios_keywords">
<kw name="POST On Session" library="RequestsLibrary">
<var>${response}</var>
<arg>serverest</arg>
<arg>/usuarios</arg>
<arg>json=&amp;{payload}</arg>
<arg>expected_status=any</arg>
<doc>Sends a POST request on a previously created HTTP Session.</doc>
<msg timestamp="20220626 19:48:49.923" level="INFO">POST Request : url=http://localhost:3000/usuarios 
 path_url=/usuarios 
 headers={'User-Agent': 'python-requests/2.28.0', 'Accept-Encoding': 'gzip, deflate', 'Accept': '*/*', 'Connection': 'keep-alive', 'Content-Length': '108', 'Content-Type': 'application/json'} 
 body=b'{"nome": "Harry Petter", "email": "harry.petter@gmail.com", "password": "teste123", "administrador": "true"}' 
 </msg>
<msg timestamp="20220626 19:48:49.923" level="INFO">POST Response : url=http://localhost:3000/usuarios 
 status=400, reason=Bad Request 
 headers={'Access-Control-Allow-Origin': '*', 'x-dns-prefetch-control': 'off', 'x-frame-options': 'SAMEORIGIN', 'strict-transport-security': 'max-age=15552000; includeSubDomains', 'x-download-options': 'noopen', 'x-content-type-options': 'nosniff', 'x-xss-protection': '1; mode=block', 'x-moesif-transaction-id': '295a00a1-87ec-43ec-a930-1cb85977ad2d', 'Content-Type': 'application/json; charset=utf-8', 'Content-Length': '53', 'Date': 'Sun, 26 Jun 2022 22:48:49 GMT', 'Connection': 'keep-alive', 'Keep-Alive': 'timeout=5'} 
 body={
    "message": "Este email já está sendo usado"
} 
 </msg>
<msg timestamp="20220626 19:48:49.924" level="INFO">${response} = &lt;Response [400]&gt;</msg>
<status status="PASS" starttime="20220626 19:48:49.913" endtime="20220626 19:48:49.924"/>
</kw>
<kw name="Log To Console" library="BuiltIn">
<arg>Response: ${response.content}</arg>
<doc>Logs the given message to the console.</doc>
<status status="PASS" starttime="20220626 19:48:49.924" endtime="20220626 19:48:49.925"/>
</kw>
<kw name="Set Global Variable" library="BuiltIn">
<arg>${response}</arg>
<doc>Makes a variable available globally in all tests and suites.</doc>
<msg timestamp="20220626 19:48:49.928" level="INFO">${response} = &lt;Response [400]&gt;</msg>
<status status="PASS" starttime="20220626 19:48:49.925" endtime="20220626 19:48:49.928"/>
</kw>
<status status="PASS" starttime="20220626 19:48:49.912" endtime="20220626 19:48:49.928"/>
</kw>
<kw name="Validar status code &quot;400&quot;" library="common" sourcename="Validar status code &quot;${statuscode}&quot;">
<kw name="Should Be True" library="BuiltIn">
<arg>${response.status_code} == ${statuscode}</arg>
<doc>Fails if the given condition is not true.</doc>
<status status="PASS" starttime="20220626 19:48:49.929" endtime="20220626 19:48:49.929"/>
</kw>
<status status="PASS" starttime="20220626 19:48:49.929" endtime="20220626 19:48:49.929"/>
</kw>
<kw name="Validar a Mensagem &quot;Este email já está sendo usado&quot;" library="common" sourcename="Validar a mensagem &quot;${mensagem}&quot;">
<kw name="Should Be Equal" library="BuiltIn">
<arg>${response.json()["message"]}</arg>
<arg>${mensagem}</arg>
<doc>Fails if the given objects are unequal.</doc>
<status status="PASS" starttime="20220626 19:48:49.933" endtime="20220626 19:48:49.933"/>
</kw>
<status status="PASS" starttime="20220626 19:48:49.932" endtime="20220626 19:48:49.933"/>
</kw>
<tag>POST.USUARIO.ERRO</tag>
<tag>USUARIOS</tag>
<status status="PASS" starttime="20220626 19:48:49.879" endtime="20220626 19:48:49.935"/>
</test>
<test id="s1-t6" name="Cenario: PUT Editar Usuario 200" line="51">
<kw name="Criar Sessao">
<kw name="Create Session" library="RequestsLibrary">
<arg>serverest</arg>
<arg>http://localhost:3000/</arg>
<doc>Create Session: create a HTTP session to a server</doc>
<msg timestamp="20220626 19:48:49.944" level="INFO">Creating Session using : alias=serverest, url=http://localhost:3000/, headers={},                     cookies={}, auth=None, timeout=None, proxies=None, verify=False,                     debug=0 </msg>
<status status="PASS" starttime="20220626 19:48:49.944" endtime="20220626 19:48:49.944"/>
</kw>
<status status="PASS" starttime="20220626 19:48:49.942" endtime="20220626 19:48:49.945"/>
</kw>
<kw name="Cadastrar usuario_valido3_adm e armazenar id" library="usuarios_keywords" sourcename="Cadastrar ${tipo_de_usuario} e armazenar id">
<kw name="Criar ${tipo_de_usuario} estatico" library="usuarios_keywords" sourcename="Criar ${tipo_de_usuario} estatico">
<kw name="Importar JSON estatico" library="common">
<var>${json}</var>
<arg>json_usuario_ex.json</arg>
<kw name="Get File" library="OperatingSystem">
<var>${arquivo}</var>
<arg>${EXECDIR}/${nome_arquivo}</arg>
<doc>Returns the contents of a specified file.</doc>
<msg timestamp="20220626 19:48:49.946" level="INFO" html="true">Getting file '&lt;a href="file://C:\Users\Luana\Desktop\Robot\Dia_04\json_usuario_ex.json"&gt;C:\Users\Luana\Desktop\Robot\Dia_04\json_usuario_ex.json&lt;/a&gt;'.</msg>
<msg timestamp="20220626 19:48:49.946" level="INFO">${arquivo} = {
    "usuario_valido1_adm": {
        "nome": "James Bond",
        "email": "james.bond@gmail.com",
        "password": "teste123",
        "administrador": "true"
    },
    "usuario_valido2_adm": ...</msg>
<status status="PASS" starttime="20220626 19:48:49.946" endtime="20220626 19:48:49.946"/>
</kw>
<kw name="Evaluate" library="BuiltIn">
<var>${data}</var>
<arg>json.loads('''${arquivo}''')</arg>
<arg>json</arg>
<doc>Evaluates the given expression in Python and returns the result.</doc>
<msg timestamp="20220626 19:48:49.946" level="INFO">${data} = {'usuario_valido1_adm': {'nome': 'James Bond', 'email': 'james.bond@gmail.com', 'password': 'teste123', 'administrador': 'true'}, 'usuario_valido2_adm': {'nome': 'Robert Baxter', 'email': 'robert.baxt...</msg>
<status status="PASS" starttime="20220626 19:48:49.946" endtime="20220626 19:48:49.946"/>
</kw>
<msg timestamp="20220626 19:48:49.946" level="INFO">${json} = {'usuario_valido1_adm': {'nome': 'James Bond', 'email': 'james.bond@gmail.com', 'password': 'teste123', 'administrador': 'true'}, 'usuario_valido2_adm': {'nome': 'Robert Baxter', 'email': 'robert.baxt...</msg>
<status status="PASS" starttime="20220626 19:48:49.946" endtime="20220626 19:48:49.946"/>
</kw>
<kw name="Set Variable" library="BuiltIn">
<var>${payload}</var>
<arg>${json["${tipo_de_usuario}"]}</arg>
<doc>Returns the given values which can then be assigned to a variables.</doc>
<msg timestamp="20220626 19:48:49.946" level="INFO">${payload} = {'nome': 'Dena Schwartz', 'email': 'dena.schwartz@gmail.com', 'password': 'teste123', 'administrador': 'true'}</msg>
<status status="PASS" starttime="20220626 19:48:49.946" endtime="20220626 19:48:49.946"/>
</kw>
<kw name="Set Global Variable" library="BuiltIn">
<arg>${payload}</arg>
<doc>Makes a variable available globally in all tests and suites.</doc>
<msg timestamp="20220626 19:48:49.946" level="INFO">${payload} = {'nome': 'Dena Schwartz', 'email': 'dena.schwartz@gmail.com', 'password': 'teste123', 'administrador': 'true'}</msg>
<status status="PASS" starttime="20220626 19:48:49.946" endtime="20220626 19:48:49.946"/>
</kw>
<status status="PASS" starttime="20220626 19:48:49.946" endtime="20220626 19:48:49.946"/>
</kw>
<kw name="POST endpoint /usuarios" library="usuarios_keywords">
<kw name="POST On Session" library="RequestsLibrary">
<var>${response}</var>
<arg>serverest</arg>
<arg>/usuarios</arg>
<arg>json=&amp;{payload}</arg>
<arg>expected_status=any</arg>
<doc>Sends a POST request on a previously created HTTP Session.</doc>
<msg timestamp="20220626 19:48:49.959" level="INFO">POST Request : url=http://localhost:3000/usuarios 
 path_url=/usuarios 
 headers={'User-Agent': 'python-requests/2.28.0', 'Accept-Encoding': 'gzip, deflate', 'Accept': '*/*', 'Connection': 'keep-alive', 'Content-Length': '110', 'Content-Type': 'application/json'} 
 body=b'{"nome": "Dena Schwartz", "email": "dena.schwartz@gmail.com", "password": "teste123", "administrador": "true"}' 
 </msg>
<msg timestamp="20220626 19:48:49.959" level="INFO">POST Response : url=http://localhost:3000/usuarios 
 status=201, reason=Created 
 headers={'Access-Control-Allow-Origin': '*', 'x-dns-prefetch-control': 'off', 'x-frame-options': 'SAMEORIGIN', 'strict-transport-security': 'max-age=15552000; includeSubDomains', 'x-download-options': 'noopen', 'x-content-type-options': 'nosniff', 'x-xss-protection': '1; mode=block', 'x-moesif-transaction-id': '0f11b940-e688-4458-959b-9a76b18c2af9', 'Content-Type': 'application/json; charset=utf-8', 'Content-Length': '82', 'Date': 'Sun, 26 Jun 2022 22:48:49 GMT', 'Connection': 'keep-alive', 'Keep-Alive': 'timeout=5'} 
 body={
    "message": "Cadastro realizado com sucesso",
    "_id": "usdh3BTAZiEJeJ2H"
} 
 </msg>
<msg timestamp="20220626 19:48:49.959" level="INFO">${response} = &lt;Response [201]&gt;</msg>
<status status="PASS" starttime="20220626 19:48:49.946" endtime="20220626 19:48:49.959"/>
</kw>
<kw name="Log To Console" library="BuiltIn">
<arg>Response: ${response.content}</arg>
<doc>Logs the given message to the console.</doc>
<status status="PASS" starttime="20220626 19:48:49.959" endtime="20220626 19:48:49.959"/>
</kw>
<kw name="Set Global Variable" library="BuiltIn">
<arg>${response}</arg>
<doc>Makes a variable available globally in all tests and suites.</doc>
<msg timestamp="20220626 19:48:49.968" level="INFO">${response} = &lt;Response [201]&gt;</msg>
<status status="PASS" starttime="20220626 19:48:49.968" endtime="20220626 19:48:49.969"/>
</kw>
<status status="PASS" starttime="20220626 19:48:49.946" endtime="20220626 19:48:49.969"/>
</kw>
<kw name="Set Variable" library="BuiltIn">
<var>${id_usuario}</var>
<arg>${response.json()["_id"]}</arg>
<doc>Returns the given values which can then be assigned to a variables.</doc>
<msg timestamp="20220626 19:48:49.970" level="INFO">${id_usuario} = usdh3BTAZiEJeJ2H</msg>
<status status="PASS" starttime="20220626 19:48:49.969" endtime="20220626 19:48:49.970"/>
</kw>
<kw name="Set Global Variable" library="BuiltIn">
<arg>${id_usuario}</arg>
<doc>Makes a variable available globally in all tests and suites.</doc>
<msg timestamp="20220626 19:48:49.971" level="INFO">${id_usuario} = usdh3BTAZiEJeJ2H</msg>
<status status="PASS" starttime="20220626 19:48:49.971" endtime="20220626 19:48:49.971"/>
</kw>
<status status="PASS" starttime="20220626 19:48:49.945" endtime="20220626 19:48:49.972"/>
</kw>
<kw name="Criar usuario_valido3_editado estatico" library="usuarios_keywords" sourcename="Criar ${tipo_de_usuario} estatico">
<kw name="Importar JSON estatico" library="common">
<var>${json}</var>
<arg>json_usuario_ex.json</arg>
<kw name="Get File" library="OperatingSystem">
<var>${arquivo}</var>
<arg>${EXECDIR}/${nome_arquivo}</arg>
<doc>Returns the contents of a specified file.</doc>
<msg timestamp="20220626 19:48:49.974" level="INFO" html="true">Getting file '&lt;a href="file://C:\Users\Luana\Desktop\Robot\Dia_04\json_usuario_ex.json"&gt;C:\Users\Luana\Desktop\Robot\Dia_04\json_usuario_ex.json&lt;/a&gt;'.</msg>
<msg timestamp="20220626 19:48:49.974" level="INFO">${arquivo} = {
    "usuario_valido1_adm": {
        "nome": "James Bond",
        "email": "james.bond@gmail.com",
        "password": "teste123",
        "administrador": "true"
    },
    "usuario_valido2_adm": ...</msg>
<status status="PASS" starttime="20220626 19:48:49.974" endtime="20220626 19:48:49.974"/>
</kw>
<kw name="Evaluate" library="BuiltIn">
<var>${data}</var>
<arg>json.loads('''${arquivo}''')</arg>
<arg>json</arg>
<doc>Evaluates the given expression in Python and returns the result.</doc>
<msg timestamp="20220626 19:48:49.974" level="INFO">${data} = {'usuario_valido1_adm': {'nome': 'James Bond', 'email': 'james.bond@gmail.com', 'password': 'teste123', 'administrador': 'true'}, 'usuario_valido2_adm': {'nome': 'Robert Baxter', 'email': 'robert.baxt...</msg>
<status status="PASS" starttime="20220626 19:48:49.974" endtime="20220626 19:48:49.974"/>
</kw>
<msg timestamp="20220626 19:48:49.974" level="INFO">${json} = {'usuario_valido1_adm': {'nome': 'James Bond', 'email': 'james.bond@gmail.com', 'password': 'teste123', 'administrador': 'true'}, 'usuario_valido2_adm': {'nome': 'Robert Baxter', 'email': 'robert.baxt...</msg>
<status status="PASS" starttime="20220626 19:48:49.974" endtime="20220626 19:48:49.974"/>
</kw>
<kw name="Set Variable" library="BuiltIn">
<var>${payload}</var>
<arg>${json["${tipo_de_usuario}"]}</arg>
<doc>Returns the given values which can then be assigned to a variables.</doc>
<msg timestamp="20220626 19:48:49.974" level="INFO">${payload} = {'nome': 'Dena Schwartz Editado', 'email': 'dena.schwartz@gmail.com', 'password': 'teste12345', 'administrador': 'false'}</msg>
<status status="PASS" starttime="20220626 19:48:49.974" endtime="20220626 19:48:49.974"/>
</kw>
<kw name="Set Global Variable" library="BuiltIn">
<arg>${payload}</arg>
<doc>Makes a variable available globally in all tests and suites.</doc>
<msg timestamp="20220626 19:48:49.974" level="INFO">${payload} = {'nome': 'Dena Schwartz Editado', 'email': 'dena.schwartz@gmail.com', 'password': 'teste12345', 'administrador': 'false'}</msg>
<status status="PASS" starttime="20220626 19:48:49.974" endtime="20220626 19:48:49.974"/>
</kw>
<status status="PASS" starttime="20220626 19:48:49.974" endtime="20220626 19:48:49.974"/>
</kw>
<kw name="PUT endpoint /usuarios/${id_usuario}" library="usuarios_keywords" sourcename="PUT endpoint /usuarios/${id_usuario}">
<kw name="PUT On Session" library="RequestsLibrary">
<var>${response}</var>
<arg>serverest</arg>
<arg>/usuarios/${id_usuario}</arg>
<arg>json=&amp;{payload}</arg>
<arg>expected_status=any</arg>
<doc>Sends a PUT request on a previously created HTTP Session.</doc>
<msg timestamp="20220626 19:48:50.039" level="INFO">PUT Request : url=http://localhost:3000/usuarios/usdh3BTAZiEJeJ2H 
 path_url=/usuarios/usdh3BTAZiEJeJ2H 
 headers={'User-Agent': 'python-requests/2.28.0', 'Accept-Encoding': 'gzip, deflate', 'Accept': '*/*', 'Connection': 'keep-alive', 'Content-Length': '121', 'Content-Type': 'application/json'} 
 body=b'{"nome": "Dena Schwartz Editado", "email": "dena.schwartz@gmail.com", "password": "teste12345", "administrador": "false"}' 
 </msg>
<msg timestamp="20220626 19:48:50.039" level="INFO">PUT Response : url=http://localhost:3000/usuarios/usdh3BTAZiEJeJ2H 
 status=200, reason=OK 
 headers={'Access-Control-Allow-Origin': '*', 'x-dns-prefetch-control': 'off', 'x-frame-options': 'SAMEORIGIN', 'strict-transport-security': 'max-age=15552000; includeSubDomains', 'x-download-options': 'noopen', 'x-content-type-options': 'nosniff', 'x-xss-protection': '1; mode=block', 'x-moesif-transaction-id': '6ccb7113-02cf-414b-98b6-949729cad28c', 'Content-Type': 'application/json; charset=utf-8', 'Content-Length': '50', 'Date': 'Sun, 26 Jun 2022 22:48:50 GMT', 'Connection': 'keep-alive', 'Keep-Alive': 'timeout=5'} 
 body={
    "message": "Registro alterado com sucesso"
} 
 </msg>
<msg timestamp="20220626 19:48:50.039" level="INFO">${response} = &lt;Response [200]&gt;</msg>
<status status="PASS" starttime="20220626 19:48:49.983" endtime="20220626 19:48:50.039"/>
</kw>
<kw name="Log To Console" library="BuiltIn">
<arg>Response: ${response.content}</arg>
<doc>Logs the given message to the console.</doc>
<status status="PASS" starttime="20220626 19:48:50.039" endtime="20220626 19:48:50.042"/>
</kw>
<kw name="Set Global Variable" library="BuiltIn">
<arg>${response}</arg>
<doc>Makes a variable available globally in all tests and suites.</doc>
<msg timestamp="20220626 19:48:50.043" level="INFO">${response} = &lt;Response [200]&gt;</msg>
<status status="PASS" starttime="20220626 19:48:50.042" endtime="20220626 19:48:50.043"/>
</kw>
<status status="PASS" starttime="20220626 19:48:49.982" endtime="20220626 19:48:50.043"/>
</kw>
<kw name="Validar status code &quot;200&quot;" library="common" sourcename="Validar status code &quot;${statuscode}&quot;">
<kw name="Should Be True" library="BuiltIn">
<arg>${response.status_code} == ${statuscode}</arg>
<doc>Fails if the given condition is not true.</doc>
<status status="PASS" starttime="20220626 19:48:50.046" endtime="20220626 19:48:50.047"/>
</kw>
<status status="PASS" starttime="20220626 19:48:50.046" endtime="20220626 19:48:50.047"/>
</kw>
<kw name="Validar a Mensagem &quot;Registro alterado com sucesso&quot;" library="common" sourcename="Validar a mensagem &quot;${mensagem}&quot;">
<kw name="Should Be Equal" library="BuiltIn">
<arg>${response.json()["message"]}</arg>
<arg>${mensagem}</arg>
<doc>Fails if the given objects are unequal.</doc>
<status status="PASS" starttime="20220626 19:48:50.049" endtime="20220626 19:48:50.050"/>
</kw>
<status status="PASS" starttime="20220626 19:48:50.049" endtime="20220626 19:48:50.050"/>
</kw>
<tag>PUT.USUARIO</tag>
<tag>USUARIOS</tag>
<status status="PASS" starttime="20220626 19:48:49.941" endtime="20220626 19:48:50.052"/>
</test>
<test id="s1-t7" name="Cenario: PUT Editar Usuario Nao Cadastrado 201" line="60">
<kw name="Criar Sessao">
<kw name="Create Session" library="RequestsLibrary">
<arg>serverest</arg>
<arg>http://localhost:3000/</arg>
<doc>Create Session: create a HTTP session to a server</doc>
<msg timestamp="20220626 19:48:50.058" level="INFO">Creating Session using : alias=serverest, url=http://localhost:3000/, headers={},                     cookies={}, auth=None, timeout=None, proxies=None, verify=False,                     debug=0 </msg>
<status status="PASS" starttime="20220626 19:48:50.058" endtime="20220626 19:48:50.058"/>
</kw>
<status status="PASS" starttime="20220626 19:48:50.057" endtime="20220626 19:48:50.058"/>
</kw>
<kw name="Criar usuario_valido4_adm estatico" library="usuarios_keywords" sourcename="Criar ${tipo_de_usuario} estatico">
<kw name="Importar JSON estatico" library="common">
<var>${json}</var>
<arg>json_usuario_ex.json</arg>
<kw name="Get File" library="OperatingSystem">
<var>${arquivo}</var>
<arg>${EXECDIR}/${nome_arquivo}</arg>
<doc>Returns the contents of a specified file.</doc>
<msg timestamp="20220626 19:48:50.061" level="INFO" html="true">Getting file '&lt;a href="file://C:\Users\Luana\Desktop\Robot\Dia_04\json_usuario_ex.json"&gt;C:\Users\Luana\Desktop\Robot\Dia_04\json_usuario_ex.json&lt;/a&gt;'.</msg>
<msg timestamp="20220626 19:48:50.061" level="INFO">${arquivo} = {
    "usuario_valido1_adm": {
        "nome": "James Bond",
        "email": "james.bond@gmail.com",
        "password": "teste123",
        "administrador": "true"
    },
    "usuario_valido2_adm": ...</msg>
<status status="PASS" starttime="20220626 19:48:50.061" endtime="20220626 19:48:50.061"/>
</kw>
<kw name="Evaluate" library="BuiltIn">
<var>${data}</var>
<arg>json.loads('''${arquivo}''')</arg>
<arg>json</arg>
<doc>Evaluates the given expression in Python and returns the result.</doc>
<msg timestamp="20220626 19:48:50.061" level="INFO">${data} = {'usuario_valido1_adm': {'nome': 'James Bond', 'email': 'james.bond@gmail.com', 'password': 'teste123', 'administrador': 'true'}, 'usuario_valido2_adm': {'nome': 'Robert Baxter', 'email': 'robert.baxt...</msg>
<status status="PASS" starttime="20220626 19:48:50.061" endtime="20220626 19:48:50.061"/>
</kw>
<msg timestamp="20220626 19:48:50.061" level="INFO">${json} = {'usuario_valido1_adm': {'nome': 'James Bond', 'email': 'james.bond@gmail.com', 'password': 'teste123', 'administrador': 'true'}, 'usuario_valido2_adm': {'nome': 'Robert Baxter', 'email': 'robert.baxt...</msg>
<status status="PASS" starttime="20220626 19:48:50.061" endtime="20220626 19:48:50.061"/>
</kw>
<kw name="Set Variable" library="BuiltIn">
<var>${payload}</var>
<arg>${json["${tipo_de_usuario}"]}</arg>
<doc>Returns the given values which can then be assigned to a variables.</doc>
<msg timestamp="20220626 19:48:50.061" level="INFO">${payload} = {'nome': 'Crystal Porter', 'email': 'crystal.porter@gmail.com', 'password': 'teste123', 'administrador': 'true'}</msg>
<status status="PASS" starttime="20220626 19:48:50.061" endtime="20220626 19:48:50.061"/>
</kw>
<kw name="Set Global Variable" library="BuiltIn">
<arg>${payload}</arg>
<doc>Makes a variable available globally in all tests and suites.</doc>
<msg timestamp="20220626 19:48:50.061" level="INFO">${payload} = {'nome': 'Crystal Porter', 'email': 'crystal.porter@gmail.com', 'password': 'teste123', 'administrador': 'true'}</msg>
<status status="PASS" starttime="20220626 19:48:50.061" endtime="20220626 19:48:50.061"/>
</kw>
<status status="PASS" starttime="20220626 19:48:50.060" endtime="20220626 19:48:50.061"/>
</kw>
<kw name="PUT endpoint /usuarios/${id_invalido}" library="usuarios_keywords" sourcename="PUT endpoint /usuarios/${id_usuario}">
<kw name="PUT On Session" library="RequestsLibrary">
<var>${response}</var>
<arg>serverest</arg>
<arg>/usuarios/${id_usuario}</arg>
<arg>json=&amp;{payload}</arg>
<arg>expected_status=any</arg>
<doc>Sends a PUT request on a previously created HTTP Session.</doc>
<msg timestamp="20220626 19:48:50.075" level="INFO">PUT Request : url=http://localhost:3000/usuarios/IdInvalido123 
 path_url=/usuarios/IdInvalido123 
 headers={'User-Agent': 'python-requests/2.28.0', 'Accept-Encoding': 'gzip, deflate', 'Accept': '*/*', 'Connection': 'keep-alive', 'Content-Length': '112', 'Content-Type': 'application/json'} 
 body=b'{"nome": "Crystal Porter", "email": "crystal.porter@gmail.com", "password": "teste123", "administrador": "true"}' 
 </msg>
<msg timestamp="20220626 19:48:50.075" level="INFO">PUT Response : url=http://localhost:3000/usuarios/IdInvalido123 
 status=201, reason=Created 
 headers={'Access-Control-Allow-Origin': '*', 'x-dns-prefetch-control': 'off', 'x-frame-options': 'SAMEORIGIN', 'strict-transport-security': 'max-age=15552000; includeSubDomains', 'x-download-options': 'noopen', 'x-content-type-options': 'nosniff', 'x-xss-protection': '1; mode=block', 'x-moesif-transaction-id': 'a16d3bad-af2f-4779-99f8-53bd7a641a2b', 'Content-Type': 'application/json; charset=utf-8', 'Content-Length': '82', 'Date': 'Sun, 26 Jun 2022 22:48:50 GMT', 'Connection': 'keep-alive', 'Keep-Alive': 'timeout=5'} 
 body={
    "message": "Cadastro realizado com sucesso",
    "_id": "AeQZnMP7Pvg4AQCc"
} 
 </msg>
<msg timestamp="20220626 19:48:50.075" level="INFO">${response} = &lt;Response [201]&gt;</msg>
<status status="PASS" starttime="20220626 19:48:50.070" endtime="20220626 19:48:50.075"/>
</kw>
<kw name="Log To Console" library="BuiltIn">
<arg>Response: ${response.content}</arg>
<doc>Logs the given message to the console.</doc>
<status status="PASS" starttime="20220626 19:48:50.075" endtime="20220626 19:48:50.082"/>
</kw>
<kw name="Set Global Variable" library="BuiltIn">
<arg>${response}</arg>
<doc>Makes a variable available globally in all tests and suites.</doc>
<msg timestamp="20220626 19:48:50.084" level="INFO">${response} = &lt;Response [201]&gt;</msg>
<status status="PASS" starttime="20220626 19:48:50.083" endtime="20220626 19:48:50.084"/>
</kw>
<status status="PASS" starttime="20220626 19:48:50.069" endtime="20220626 19:48:50.084"/>
</kw>
<kw name="Validar status code &quot;201&quot;" library="common" sourcename="Validar status code &quot;${statuscode}&quot;">
<kw name="Should Be True" library="BuiltIn">
<arg>${response.status_code} == ${statuscode}</arg>
<doc>Fails if the given condition is not true.</doc>
<status status="PASS" starttime="20220626 19:48:50.087" endtime="20220626 19:48:50.089"/>
</kw>
<status status="PASS" starttime="20220626 19:48:50.086" endtime="20220626 19:48:50.089"/>
</kw>
<kw name="Validar a Mensagem &quot;Cadastro realizado com sucesso&quot;" library="common" sourcename="Validar a mensagem &quot;${mensagem}&quot;">
<kw name="Should Be Equal" library="BuiltIn">
<arg>${response.json()["message"]}</arg>
<arg>${mensagem}</arg>
<doc>Fails if the given objects are unequal.</doc>
<status status="PASS" starttime="20220626 19:48:50.091" endtime="20220626 19:48:50.091"/>
</kw>
<status status="PASS" starttime="20220626 19:48:50.090" endtime="20220626 19:48:50.091"/>
</kw>
<tag>PUT.USUARIO.CADASTRAR</tag>
<tag>USUARIOS</tag>
<status status="PASS" starttime="20220626 19:48:50.055" endtime="20220626 19:48:50.094"/>
</test>
<test id="s1-t8" name="Cenario: PUT Criar Usuario Email Utilizado 400" line="68">
<kw name="Criar Sessao">
<kw name="Create Session" library="RequestsLibrary">
<arg>serverest</arg>
<arg>http://localhost:3000/</arg>
<doc>Create Session: create a HTTP session to a server</doc>
<msg timestamp="20220626 19:48:50.099" level="INFO">Creating Session using : alias=serverest, url=http://localhost:3000/, headers={},                     cookies={}, auth=None, timeout=None, proxies=None, verify=False,                     debug=0 </msg>
<status status="PASS" starttime="20220626 19:48:50.099" endtime="20220626 19:48:50.100"/>
</kw>
<status status="PASS" starttime="20220626 19:48:50.098" endtime="20220626 19:48:50.100"/>
</kw>
<kw name="Criar usuario_cadastro_email_igual estatico" library="usuarios_keywords" sourcename="Criar ${tipo_de_usuario} estatico">
<kw name="Importar JSON estatico" library="common">
<var>${json}</var>
<arg>json_usuario_ex.json</arg>
<kw name="Get File" library="OperatingSystem">
<var>${arquivo}</var>
<arg>${EXECDIR}/${nome_arquivo}</arg>
<doc>Returns the contents of a specified file.</doc>
<msg timestamp="20220626 19:48:50.102" level="INFO" html="true">Getting file '&lt;a href="file://C:\Users\Luana\Desktop\Robot\Dia_04\json_usuario_ex.json"&gt;C:\Users\Luana\Desktop\Robot\Dia_04\json_usuario_ex.json&lt;/a&gt;'.</msg>
<msg timestamp="20220626 19:48:50.102" level="INFO">${arquivo} = {
    "usuario_valido1_adm": {
        "nome": "James Bond",
        "email": "james.bond@gmail.com",
        "password": "teste123",
        "administrador": "true"
    },
    "usuario_valido2_adm": ...</msg>
<status status="PASS" starttime="20220626 19:48:50.102" endtime="20220626 19:48:50.102"/>
</kw>
<kw name="Evaluate" library="BuiltIn">
<var>${data}</var>
<arg>json.loads('''${arquivo}''')</arg>
<arg>json</arg>
<doc>Evaluates the given expression in Python and returns the result.</doc>
<msg timestamp="20220626 19:48:50.105" level="INFO">${data} = {'usuario_valido1_adm': {'nome': 'James Bond', 'email': 'james.bond@gmail.com', 'password': 'teste123', 'administrador': 'true'}, 'usuario_valido2_adm': {'nome': 'Robert Baxter', 'email': 'robert.baxt...</msg>
<status status="PASS" starttime="20220626 19:48:50.102" endtime="20220626 19:48:50.105"/>
</kw>
<msg timestamp="20220626 19:48:50.105" level="INFO">${json} = {'usuario_valido1_adm': {'nome': 'James Bond', 'email': 'james.bond@gmail.com', 'password': 'teste123', 'administrador': 'true'}, 'usuario_valido2_adm': {'nome': 'Robert Baxter', 'email': 'robert.baxt...</msg>
<status status="PASS" starttime="20220626 19:48:50.102" endtime="20220626 19:48:50.105"/>
</kw>
<kw name="Set Variable" library="BuiltIn">
<var>${payload}</var>
<arg>${json["${tipo_de_usuario}"]}</arg>
<doc>Returns the given values which can then be assigned to a variables.</doc>
<msg timestamp="20220626 19:48:50.106" level="INFO">${payload} = {'nome': 'Harry Petter', 'email': 'harry.petter@gmail.com', 'password': 'teste123', 'administrador': 'true'}</msg>
<status status="PASS" starttime="20220626 19:48:50.106" endtime="20220626 19:48:50.106"/>
</kw>
<kw name="Set Global Variable" library="BuiltIn">
<arg>${payload}</arg>
<doc>Makes a variable available globally in all tests and suites.</doc>
<msg timestamp="20220626 19:48:50.106" level="INFO">${payload} = {'nome': 'Harry Petter', 'email': 'harry.petter@gmail.com', 'password': 'teste123', 'administrador': 'true'}</msg>
<status status="PASS" starttime="20220626 19:48:50.106" endtime="20220626 19:48:50.106"/>
</kw>
<status status="PASS" starttime="20220626 19:48:50.101" endtime="20220626 19:48:50.106"/>
</kw>
<kw name="PUT endpoint /usuarios/${id_invalido}" library="usuarios_keywords" sourcename="PUT endpoint /usuarios/${id_usuario}">
<kw name="PUT On Session" library="RequestsLibrary">
<var>${response}</var>
<arg>serverest</arg>
<arg>/usuarios/${id_usuario}</arg>
<arg>json=&amp;{payload}</arg>
<arg>expected_status=any</arg>
<doc>Sends a PUT request on a previously created HTTP Session.</doc>
<msg timestamp="20220626 19:48:50.114" level="INFO">PUT Request : url=http://localhost:3000/usuarios/IdInvalido123 
 path_url=/usuarios/IdInvalido123 
 headers={'User-Agent': 'python-requests/2.28.0', 'Accept-Encoding': 'gzip, deflate', 'Accept': '*/*', 'Connection': 'keep-alive', 'Content-Length': '108', 'Content-Type': 'application/json'} 
 body=b'{"nome": "Harry Petter", "email": "harry.petter@gmail.com", "password": "teste123", "administrador": "true"}' 
 </msg>
<msg timestamp="20220626 19:48:50.114" level="INFO">PUT Response : url=http://localhost:3000/usuarios/IdInvalido123 
 status=400, reason=Bad Request 
 headers={'Access-Control-Allow-Origin': '*', 'x-dns-prefetch-control': 'off', 'x-frame-options': 'SAMEORIGIN', 'strict-transport-security': 'max-age=15552000; includeSubDomains', 'x-download-options': 'noopen', 'x-content-type-options': 'nosniff', 'x-xss-protection': '1; mode=block', 'x-moesif-transaction-id': '17ac0190-4365-46f8-abd6-f977e14df21b', 'Content-Type': 'application/json; charset=utf-8', 'Content-Length': '53', 'Date': 'Sun, 26 Jun 2022 22:48:50 GMT', 'Connection': 'keep-alive', 'Keep-Alive': 'timeout=5'} 
 body={
    "message": "Este email já está sendo usado"
} 
 </msg>
<msg timestamp="20220626 19:48:50.114" level="INFO">${response} = &lt;Response [400]&gt;</msg>
<status status="PASS" starttime="20220626 19:48:50.110" endtime="20220626 19:48:50.114"/>
</kw>
<kw name="Log To Console" library="BuiltIn">
<arg>Response: ${response.content}</arg>
<doc>Logs the given message to the console.</doc>
<status status="PASS" starttime="20220626 19:48:50.114" endtime="20220626 19:48:50.114"/>
</kw>
<kw name="Set Global Variable" library="BuiltIn">
<arg>${response}</arg>
<doc>Makes a variable available globally in all tests and suites.</doc>
<msg timestamp="20220626 19:48:50.122" level="INFO">${response} = &lt;Response [400]&gt;</msg>
<status status="PASS" starttime="20220626 19:48:50.121" endtime="20220626 19:48:50.122"/>
</kw>
<status status="PASS" starttime="20220626 19:48:50.109" endtime="20220626 19:48:50.122"/>
</kw>
<kw name="Validar status code &quot;400&quot;" library="common" sourcename="Validar status code &quot;${statuscode}&quot;">
<kw name="Should Be True" library="BuiltIn">
<arg>${response.status_code} == ${statuscode}</arg>
<doc>Fails if the given condition is not true.</doc>
<status status="PASS" starttime="20220626 19:48:50.126" endtime="20220626 19:48:50.126"/>
</kw>
<status status="PASS" starttime="20220626 19:48:50.125" endtime="20220626 19:48:50.126"/>
</kw>
<kw name="Validar a Mensagem &quot;Este email já está sendo usado&quot;" library="common" sourcename="Validar a mensagem &quot;${mensagem}&quot;">
<kw name="Should Be Equal" library="BuiltIn">
<arg>${response.json()["message"]}</arg>
<arg>${mensagem}</arg>
<doc>Fails if the given objects are unequal.</doc>
<status status="PASS" starttime="20220626 19:48:50.128" endtime="20220626 19:48:50.129"/>
</kw>
<status status="PASS" starttime="20220626 19:48:50.128" endtime="20220626 19:48:50.129"/>
</kw>
<tag>PUT.USUARIO.CADASTRADO</tag>
<tag>USUARIOS</tag>
<status status="PASS" starttime="20220626 19:48:50.097" endtime="20220626 19:48:50.130"/>
</test>
<test id="s1-t9" name="Cenario: DELETE Deletar Usuario 200" line="77">
<kw name="Criar Sessao">
<kw name="Create Session" library="RequestsLibrary">
<arg>serverest</arg>
<arg>http://localhost:3000/</arg>
<doc>Create Session: create a HTTP session to a server</doc>
<msg timestamp="20220626 19:48:50.135" level="INFO">Creating Session using : alias=serverest, url=http://localhost:3000/, headers={},                     cookies={}, auth=None, timeout=None, proxies=None, verify=False,                     debug=0 </msg>
<status status="PASS" starttime="20220626 19:48:50.134" endtime="20220626 19:48:50.135"/>
</kw>
<status status="PASS" starttime="20220626 19:48:50.134" endtime="20220626 19:48:50.135"/>
</kw>
<kw name="Cadastrar usuario_valido5_adm e armazenar id" library="usuarios_keywords" sourcename="Cadastrar ${tipo_de_usuario} e armazenar id">
<kw name="Criar ${tipo_de_usuario} estatico" library="usuarios_keywords" sourcename="Criar ${tipo_de_usuario} estatico">
<kw name="Importar JSON estatico" library="common">
<var>${json}</var>
<arg>json_usuario_ex.json</arg>
<kw name="Get File" library="OperatingSystem">
<var>${arquivo}</var>
<arg>${EXECDIR}/${nome_arquivo}</arg>
<doc>Returns the contents of a specified file.</doc>
<msg timestamp="20220626 19:48:50.137" level="INFO" html="true">Getting file '&lt;a href="file://C:\Users\Luana\Desktop\Robot\Dia_04\json_usuario_ex.json"&gt;C:\Users\Luana\Desktop\Robot\Dia_04\json_usuario_ex.json&lt;/a&gt;'.</msg>
<msg timestamp="20220626 19:48:50.138" level="INFO">${arquivo} = {
    "usuario_valido1_adm": {
        "nome": "James Bond",
        "email": "james.bond@gmail.com",
        "password": "teste123",
        "administrador": "true"
    },
    "usuario_valido2_adm": ...</msg>
<status status="PASS" starttime="20220626 19:48:50.137" endtime="20220626 19:48:50.138"/>
</kw>
<kw name="Evaluate" library="BuiltIn">
<var>${data}</var>
<arg>json.loads('''${arquivo}''')</arg>
<arg>json</arg>
<doc>Evaluates the given expression in Python and returns the result.</doc>
<msg timestamp="20220626 19:48:50.139" level="INFO">${data} = {'usuario_valido1_adm': {'nome': 'James Bond', 'email': 'james.bond@gmail.com', 'password': 'teste123', 'administrador': 'true'}, 'usuario_valido2_adm': {'nome': 'Robert Baxter', 'email': 'robert.baxt...</msg>
<status status="PASS" starttime="20220626 19:48:50.138" endtime="20220626 19:48:50.139"/>
</kw>
<msg timestamp="20220626 19:48:50.139" level="INFO">${json} = {'usuario_valido1_adm': {'nome': 'James Bond', 'email': 'james.bond@gmail.com', 'password': 'teste123', 'administrador': 'true'}, 'usuario_valido2_adm': {'nome': 'Robert Baxter', 'email': 'robert.baxt...</msg>
<status status="PASS" starttime="20220626 19:48:50.137" endtime="20220626 19:48:50.139"/>
</kw>
<kw name="Set Variable" library="BuiltIn">
<var>${payload}</var>
<arg>${json["${tipo_de_usuario}"]}</arg>
<doc>Returns the given values which can then be assigned to a variables.</doc>
<msg timestamp="20220626 19:48:50.140" level="INFO">${payload} = {'nome': 'Lee Spivey', 'email': 'lee.spivey@gmail.com', 'password': 'teste123', 'administrador': 'true'}</msg>
<status status="PASS" starttime="20220626 19:48:50.140" endtime="20220626 19:48:50.140"/>
</kw>
<kw name="Set Global Variable" library="BuiltIn">
<arg>${payload}</arg>
<doc>Makes a variable available globally in all tests and suites.</doc>
<msg timestamp="20220626 19:48:50.141" level="INFO">${payload} = {'nome': 'Lee Spivey', 'email': 'lee.spivey@gmail.com', 'password': 'teste123', 'administrador': 'true'}</msg>
<status status="PASS" starttime="20220626 19:48:50.141" endtime="20220626 19:48:50.141"/>
</kw>
<status status="PASS" starttime="20220626 19:48:50.136" endtime="20220626 19:48:50.141"/>
</kw>
<kw name="POST endpoint /usuarios" library="usuarios_keywords">
<kw name="POST On Session" library="RequestsLibrary">
<var>${response}</var>
<arg>serverest</arg>
<arg>/usuarios</arg>
<arg>json=&amp;{payload}</arg>
<arg>expected_status=any</arg>
<doc>Sends a POST request on a previously created HTTP Session.</doc>
<msg timestamp="20220626 19:48:50.148" level="INFO">POST Request : url=http://localhost:3000/usuarios 
 path_url=/usuarios 
 headers={'User-Agent': 'python-requests/2.28.0', 'Accept-Encoding': 'gzip, deflate', 'Accept': '*/*', 'Connection': 'keep-alive', 'Content-Length': '104', 'Content-Type': 'application/json'} 
 body=b'{"nome": "Lee Spivey", "email": "lee.spivey@gmail.com", "password": "teste123", "administrador": "true"}' 
 </msg>
<msg timestamp="20220626 19:48:50.148" level="INFO">POST Response : url=http://localhost:3000/usuarios 
 status=201, reason=Created 
 headers={'Access-Control-Allow-Origin': '*', 'x-dns-prefetch-control': 'off', 'x-frame-options': 'SAMEORIGIN', 'strict-transport-security': 'max-age=15552000; includeSubDomains', 'x-download-options': 'noopen', 'x-content-type-options': 'nosniff', 'x-xss-protection': '1; mode=block', 'x-moesif-transaction-id': 'a73d24a7-a591-401c-9b37-00bf438e0777', 'Content-Type': 'application/json; charset=utf-8', 'Content-Length': '82', 'Date': 'Sun, 26 Jun 2022 22:48:50 GMT', 'Connection': 'keep-alive', 'Keep-Alive': 'timeout=5'} 
 body={
    "message": "Cadastro realizado com sucesso",
    "_id": "emfjlA0HQ39yLMdr"
} 
 </msg>
<msg timestamp="20220626 19:48:50.148" level="INFO">${response} = &lt;Response [201]&gt;</msg>
<status status="PASS" starttime="20220626 19:48:50.141" endtime="20220626 19:48:50.148"/>
</kw>
<kw name="Log To Console" library="BuiltIn">
<arg>Response: ${response.content}</arg>
<doc>Logs the given message to the console.</doc>
<status status="PASS" starttime="20220626 19:48:50.148" endtime="20220626 19:48:50.148"/>
</kw>
<kw name="Set Global Variable" library="BuiltIn">
<arg>${response}</arg>
<doc>Makes a variable available globally in all tests and suites.</doc>
<msg timestamp="20220626 19:48:50.150" level="INFO">${response} = &lt;Response [201]&gt;</msg>
<status status="PASS" starttime="20220626 19:48:50.150" endtime="20220626 19:48:50.150"/>
</kw>
<status status="PASS" starttime="20220626 19:48:50.141" endtime="20220626 19:48:50.150"/>
</kw>
<kw name="Set Variable" library="BuiltIn">
<var>${id_usuario}</var>
<arg>${response.json()["_id"]}</arg>
<doc>Returns the given values which can then be assigned to a variables.</doc>
<msg timestamp="20220626 19:48:50.151" level="INFO">${id_usuario} = emfjlA0HQ39yLMdr</msg>
<status status="PASS" starttime="20220626 19:48:50.150" endtime="20220626 19:48:50.151"/>
</kw>
<kw name="Set Global Variable" library="BuiltIn">
<arg>${id_usuario}</arg>
<doc>Makes a variable available globally in all tests and suites.</doc>
<msg timestamp="20220626 19:48:50.151" level="INFO">${id_usuario} = emfjlA0HQ39yLMdr</msg>
<status status="PASS" starttime="20220626 19:48:50.151" endtime="20220626 19:48:50.151"/>
</kw>
<status status="PASS" starttime="20220626 19:48:50.136" endtime="20220626 19:48:50.152"/>
</kw>
<kw name="DELETE endpoint /usuarios/${id_usuario}" library="usuarios_keywords" sourcename="DELETE endpoint /usuarios/${id}">
<kw name="DELETE On Session" library="RequestsLibrary">
<var>${response}</var>
<arg>serverest</arg>
<arg>/usuarios/${id}</arg>
<arg>expected_status=any</arg>
<doc>Sends a DELETE request on a previously created HTTP Session.</doc>
<msg timestamp="20220626 19:48:50.178" level="INFO">DELETE Request : url=http://localhost:3000/usuarios/emfjlA0HQ39yLMdr 
 path_url=/usuarios/emfjlA0HQ39yLMdr 
 headers={'User-Agent': 'python-requests/2.28.0', 'Accept-Encoding': 'gzip, deflate', 'Accept': '*/*', 'Connection': 'keep-alive', 'Content-Length': '0'} 
 body=None 
 </msg>
<msg timestamp="20220626 19:48:50.178" level="INFO">DELETE Response : url=http://localhost:3000/usuarios/emfjlA0HQ39yLMdr 
 status=200, reason=OK 
 headers={'Access-Control-Allow-Origin': '*', 'x-dns-prefetch-control': 'off', 'x-frame-options': 'SAMEORIGIN', 'strict-transport-security': 'max-age=15552000; includeSubDomains', 'x-download-options': 'noopen', 'x-content-type-options': 'nosniff', 'x-xss-protection': '1; mode=block', 'x-moesif-transaction-id': '679b009e-83ab-4058-ad32-4cd3ca70a4a3', 'Content-Type': 'application/json; charset=utf-8', 'Content-Length': '51', 'Date': 'Sun, 26 Jun 2022 22:48:50 GMT', 'Connection': 'keep-alive', 'Keep-Alive': 'timeout=5'} 
 body={
    "message": "Registro excluído com sucesso"
} 
 </msg>
<msg timestamp="20220626 19:48:50.178" level="INFO">${response} = &lt;Response [200]&gt;</msg>
<status status="PASS" starttime="20220626 19:48:50.152" endtime="20220626 19:48:50.178"/>
</kw>
<kw name="Log To Console" library="BuiltIn">
<arg>Response: ${response.content}</arg>
<doc>Logs the given message to the console.</doc>
<status status="PASS" starttime="20220626 19:48:50.178" endtime="20220626 19:48:50.187"/>
</kw>
<kw name="Set Global Variable" library="BuiltIn">
<arg>${response}</arg>
<doc>Makes a variable available globally in all tests and suites.</doc>
<msg timestamp="20220626 19:48:50.188" level="INFO">${response} = &lt;Response [200]&gt;</msg>
<status status="PASS" starttime="20220626 19:48:50.187" endtime="20220626 19:48:50.188"/>
</kw>
<status status="PASS" starttime="20220626 19:48:50.152" endtime="20220626 19:48:50.189"/>
</kw>
<kw name="Validar status code &quot;200&quot;" library="common" sourcename="Validar status code &quot;${statuscode}&quot;">
<kw name="Should Be True" library="BuiltIn">
<arg>${response.status_code} == ${statuscode}</arg>
<doc>Fails if the given condition is not true.</doc>
<status status="PASS" starttime="20220626 19:48:50.192" endtime="20220626 19:48:50.192"/>
</kw>
<status status="PASS" starttime="20220626 19:48:50.191" endtime="20220626 19:48:50.192"/>
</kw>
<kw name="Validar a Mensagem &quot;Registro excluído com sucesso&quot;" library="common" sourcename="Validar a mensagem &quot;${mensagem}&quot;">
<kw name="Should Be Equal" library="BuiltIn">
<arg>${response.json()["message"]}</arg>
<arg>${mensagem}</arg>
<doc>Fails if the given objects are unequal.</doc>
<status status="PASS" starttime="20220626 19:48:50.196" endtime="20220626 19:48:50.196"/>
</kw>
<status status="PASS" starttime="20220626 19:48:50.195" endtime="20220626 19:48:50.196"/>
</kw>
<tag>DELETE.USUARIO</tag>
<tag>USUARIOS</tag>
<status status="PASS" starttime="20220626 19:48:50.132" endtime="20220626 19:48:50.198"/>
</test>
<test id="s1-t10" name="Cenario: DELETE Deletar Usuario Carrinho 400" line="85">
<kw name="Criar Sessao">
<kw name="Create Session" library="RequestsLibrary">
<arg>serverest</arg>
<arg>http://localhost:3000/</arg>
<doc>Create Session: create a HTTP session to a server</doc>
<msg timestamp="20220626 19:48:50.205" level="INFO">Creating Session using : alias=serverest, url=http://localhost:3000/, headers={},                     cookies={}, auth=None, timeout=None, proxies=None, verify=False,                     debug=0 </msg>
<status status="PASS" starttime="20220626 19:48:50.205" endtime="20220626 19:48:50.205"/>
</kw>
<status status="PASS" starttime="20220626 19:48:50.204" endtime="20220626 19:48:50.205"/>
</kw>
<kw name="Cadastrar usuario_valido6_adm e armazenar id" library="usuarios_keywords" sourcename="Cadastrar ${tipo_de_usuario} e armazenar id">
<kw name="Criar ${tipo_de_usuario} estatico" library="usuarios_keywords" sourcename="Criar ${tipo_de_usuario} estatico">
<kw name="Importar JSON estatico" library="common">
<var>${json}</var>
<arg>json_usuario_ex.json</arg>
<kw name="Get File" library="OperatingSystem">
<var>${arquivo}</var>
<arg>${EXECDIR}/${nome_arquivo}</arg>
<doc>Returns the contents of a specified file.</doc>
<msg timestamp="20220626 19:48:50.209" level="INFO" html="true">Getting file '&lt;a href="file://C:\Users\Luana\Desktop\Robot\Dia_04\json_usuario_ex.json"&gt;C:\Users\Luana\Desktop\Robot\Dia_04\json_usuario_ex.json&lt;/a&gt;'.</msg>
<msg timestamp="20220626 19:48:50.209" level="INFO">${arquivo} = {
    "usuario_valido1_adm": {
        "nome": "James Bond",
        "email": "james.bond@gmail.com",
        "password": "teste123",
        "administrador": "true"
    },
    "usuario_valido2_adm": ...</msg>
<status status="PASS" starttime="20220626 19:48:50.209" endtime="20220626 19:48:50.209"/>
</kw>
<kw name="Evaluate" library="BuiltIn">
<var>${data}</var>
<arg>json.loads('''${arquivo}''')</arg>
<arg>json</arg>
<doc>Evaluates the given expression in Python and returns the result.</doc>
<msg timestamp="20220626 19:48:50.209" level="INFO">${data} = {'usuario_valido1_adm': {'nome': 'James Bond', 'email': 'james.bond@gmail.com', 'password': 'teste123', 'administrador': 'true'}, 'usuario_valido2_adm': {'nome': 'Robert Baxter', 'email': 'robert.baxt...</msg>
<status status="PASS" starttime="20220626 19:48:50.209" endtime="20220626 19:48:50.209"/>
</kw>
<msg timestamp="20220626 19:48:50.209" level="INFO">${json} = {'usuario_valido1_adm': {'nome': 'James Bond', 'email': 'james.bond@gmail.com', 'password': 'teste123', 'administrador': 'true'}, 'usuario_valido2_adm': {'nome': 'Robert Baxter', 'email': 'robert.baxt...</msg>
<status status="PASS" starttime="20220626 19:48:50.208" endtime="20220626 19:48:50.209"/>
</kw>
<kw name="Set Variable" library="BuiltIn">
<var>${payload}</var>
<arg>${json["${tipo_de_usuario}"]}</arg>
<doc>Returns the given values which can then be assigned to a variables.</doc>
<msg timestamp="20220626 19:48:50.209" level="INFO">${payload} = {'nome': 'Mattie Sanchez', 'email': 'mattie.sanchez@gmail.com', 'password': 'teste123', 'administrador': 'true'}</msg>
<status status="PASS" starttime="20220626 19:48:50.209" endtime="20220626 19:48:50.209"/>
</kw>
<kw name="Set Global Variable" library="BuiltIn">
<arg>${payload}</arg>
<doc>Makes a variable available globally in all tests and suites.</doc>
<msg timestamp="20220626 19:48:50.209" level="INFO">${payload} = {'nome': 'Mattie Sanchez', 'email': 'mattie.sanchez@gmail.com', 'password': 'teste123', 'administrador': 'true'}</msg>
<status status="PASS" starttime="20220626 19:48:50.209" endtime="20220626 19:48:50.209"/>
</kw>
<status status="PASS" starttime="20220626 19:48:50.206" endtime="20220626 19:48:50.209"/>
</kw>
<kw name="POST endpoint /usuarios" library="usuarios_keywords">
<kw name="POST On Session" library="RequestsLibrary">
<var>${response}</var>
<arg>serverest</arg>
<arg>/usuarios</arg>
<arg>json=&amp;{payload}</arg>
<arg>expected_status=any</arg>
<doc>Sends a POST request on a previously created HTTP Session.</doc>
<msg timestamp="20220626 19:48:50.224" level="INFO">POST Request : url=http://localhost:3000/usuarios 
 path_url=/usuarios 
 headers={'User-Agent': 'python-requests/2.28.0', 'Accept-Encoding': 'gzip, deflate', 'Accept': '*/*', 'Connection': 'keep-alive', 'Content-Length': '112', 'Content-Type': 'application/json'} 
 body=b'{"nome": "Mattie Sanchez", "email": "mattie.sanchez@gmail.com", "password": "teste123", "administrador": "true"}' 
 </msg>
<msg timestamp="20220626 19:48:50.224" level="INFO">POST Response : url=http://localhost:3000/usuarios 
 status=201, reason=Created 
 headers={'Access-Control-Allow-Origin': '*', 'x-dns-prefetch-control': 'off', 'x-frame-options': 'SAMEORIGIN', 'strict-transport-security': 'max-age=15552000; includeSubDomains', 'x-download-options': 'noopen', 'x-content-type-options': 'nosniff', 'x-xss-protection': '1; mode=block', 'x-moesif-transaction-id': '00691295-bee5-4999-8930-cb4407b43e4b', 'Content-Type': 'application/json; charset=utf-8', 'Content-Length': '82', 'Date': 'Sun, 26 Jun 2022 22:48:50 GMT', 'Connection': 'keep-alive', 'Keep-Alive': 'timeout=5'} 
 body={
    "message": "Cadastro realizado com sucesso",
    "_id": "46Ai22ELtzwhQAO9"
} 
 </msg>
<msg timestamp="20220626 19:48:50.224" level="INFO">${response} = &lt;Response [201]&gt;</msg>
<status status="PASS" starttime="20220626 19:48:50.209" endtime="20220626 19:48:50.224"/>
</kw>
<kw name="Log To Console" library="BuiltIn">
<arg>Response: ${response.content}</arg>
<doc>Logs the given message to the console.</doc>
<status status="PASS" starttime="20220626 19:48:50.224" endtime="20220626 19:48:50.224"/>
</kw>
<kw name="Set Global Variable" library="BuiltIn">
<arg>${response}</arg>
<doc>Makes a variable available globally in all tests and suites.</doc>
<msg timestamp="20220626 19:48:50.227" level="INFO">${response} = &lt;Response [201]&gt;</msg>
<status status="PASS" starttime="20220626 19:48:50.227" endtime="20220626 19:48:50.227"/>
</kw>
<status status="PASS" starttime="20220626 19:48:50.209" endtime="20220626 19:48:50.228"/>
</kw>
<kw name="Set Variable" library="BuiltIn">
<var>${id_usuario}</var>
<arg>${response.json()["_id"]}</arg>
<doc>Returns the given values which can then be assigned to a variables.</doc>
<msg timestamp="20220626 19:48:50.229" level="INFO">${id_usuario} = 46Ai22ELtzwhQAO9</msg>
<status status="PASS" starttime="20220626 19:48:50.228" endtime="20220626 19:48:50.229"/>
</kw>
<kw name="Set Global Variable" library="BuiltIn">
<arg>${id_usuario}</arg>
[...]
<kw name="POST On Session" library="RequestsLibrary">
<var>${response}</var>
<arg>serverest</arg>
<arg>/login</arg>
<arg>json=&amp;{payload}</arg>
<arg>expected_status=any</arg>
<doc>Sends a POST request on a previously created HTTP Session.</doc>
<msg timestamp="20220626 19:48:52.389" level="INFO">POST Request : url=http://localhost:3000/login 
 path_url=/login 
 headers={'User-Agent': 'python-requests/2.28.0', 'Accept-Encoding': 'gzip, deflate', 'Accept': '*/*', 'Connection': 'keep-alive', 'Content-Length': '47', 'Content-Type': 'application/json'} 
 body=b'{"email": "fulano@qa.com", "password": "teste"}' 
 </msg>
<msg timestamp="20220626 19:48:52.389" level="INFO">POST Response : url=http://localhost:3000/login 
 status=200, reason=OK 
 headers={'Access-Control-Allow-Origin': '*', 'x-dns-prefetch-control': 'off', 'x-frame-options': 'SAMEORIGIN', 'strict-transport-security': 'max-age=15552000; includeSubDomains', 'x-download-options': 'noopen', 'x-content-type-options': 'nosniff', 'x-xss-protection': '1; mode=block', 'x-moesif-transaction-id': '53c98fc4-fb5b-4fdc-af8b-47fe4be01c3c', 'Content-Type': 'application/json; charset=utf-8', 'Content-Length': '265', 'Date': 'Sun, 26 Jun 2022 22:48:52 GMT', 'Connection': 'keep-alive', 'Keep-Alive': 'timeout=5'} 
 body={
    "message": "Login realizado com sucesso",
    "authorization": "Bearer eyJhbGciOiJIUzI1NiIsInR5cCI6IkpXVCJ9.eyJlbWFpbCI6ImZ1bGFub0BxYS5jb20iLCJwYXNzd29yZCI6InRlc3RlIiwiaWF0IjoxNjU2MjgzNzMyLCJleHAiOjE2NTYyODQzMzJ9.LIHeNg2NjVdqXbms73iUMnEkDcmo6v1OwAPhoAvOFYU"
} 
 </msg>
<msg timestamp="20220626 19:48:52.389" level="INFO">${response} = &lt;Response [200]&gt;</msg>
<status status="PASS" starttime="20220626 19:48:52.377" endtime="20220626 19:48:52.389"/>
</kw>
<kw name="Log To Console" library="BuiltIn">
<arg>Response: ${response.content}</arg>
<doc>Logs the given message to the console.</doc>
<status status="PASS" starttime="20220626 19:48:52.390" endtime="20220626 19:48:52.391"/>
</kw>
<kw name="Set Global Variable" library="BuiltIn">
<arg>${response}</arg>
<doc>Makes a variable available globally in all tests and suites.</doc>
<msg timestamp="20220626 19:48:52.393" level="INFO">${response} = &lt;Response [200]&gt;</msg>
<status status="PASS" starttime="20220626 19:48:52.392" endtime="20220626 19:48:52.393"/>
</kw>
<status status="PASS" starttime="20220626 19:48:52.377" endtime="20220626 19:48:52.393"/>
</kw>
<kw name="Set Variable" library="BuiltIn">
<var>${token_auth}</var>
<arg>${response.json()["authorization"]}</arg>
<doc>Returns the given values which can then be assigned to a variables.</doc>
<msg timestamp="20220626 19:48:52.394" level="INFO">${token_auth} = Bearer eyJhbGciOiJIUzI1NiIsInR5cCI6IkpXVCJ9.eyJlbWFpbCI6ImZ1bGFub0BxYS5jb20iLCJwYXNzd29yZCI6InRlc3RlIiwiaWF0IjoxNjU2MjgzNzMyLCJleHAiOjE2NTYyODQzMzJ9.LIHeNg2NjVdqXbms73iUMnEkDcmo6v1OwAPhoAvOFYU</msg>
<status status="PASS" starttime="20220626 19:48:52.393" endtime="20220626 19:48:52.394"/>
</kw>
<kw name="Set Global Variable" library="BuiltIn">
<arg>${token_auth}</arg>
<doc>Makes a variable available globally in all tests and suites.</doc>
<msg timestamp="20220626 19:48:52.395" level="INFO">${token_auth} = Bearer eyJhbGciOiJIUzI1NiIsInR5cCI6IkpXVCJ9.eyJlbWFpbCI6ImZ1bGFub0BxYS5jb20iLCJwYXNzd29yZCI6InRlc3RlIiwiaWF0IjoxNjU2MjgzNzMyLCJleHAiOjE2NTYyODQzMzJ9.LIHeNg2NjVdqXbms73iUMnEkDcmo6v1OwAPhoAvOFYU</msg>
<status status="PASS" starttime="20220626 19:48:52.395" endtime="20220626 19:48:52.395"/>
</kw>
<status status="PASS" starttime="20220626 19:48:52.376" endtime="20220626 19:48:52.396"/>
</kw>
<kw name="Adicionar um produto no carrinho" library="carrinhos_keywords">
<kw name="Encontrar id de um produto cadastrado" library="produtos_keywords">
<kw name="GET endpoint /produtos" library="produtos_keywords">
<kw name="GET On Session" library="RequestsLibrary">
<var>${response}</var>
<arg>serverest</arg>
<arg>/produtos</arg>
<doc>Sends a GET request on a previously created HTTP Session.</doc>
<msg timestamp="20220626 19:48:52.402" level="INFO">GET Request : url=http://localhost:3000/produtos 
 path_url=/produtos 
 headers={'User-Agent': 'python-requests/2.28.0', 'Accept-Encoding': 'gzip, deflate', 'Accept': '*/*', 'Connection': 'keep-alive'} 
 body=None 
 </msg>
<msg timestamp="20220626 19:48:52.402" level="INFO">GET Response : url=http://localhost:3000/produtos 
 status=200, reason=OK 
 headers={'Access-Control-Allow-Origin': '*', 'x-dns-prefetch-control': 'off', 'x-frame-options': 'SAMEORIGIN', 'strict-transport-security': 'max-age=15552000; includeSubDomains', 'x-download-options': 'noopen', 'x-content-type-options': 'nosniff', 'x-xss-protection': '1; mode=block', 'x-moesif-transaction-id': '5655f3b3-f202-4070-96c6-90de2124a369', 'Content-Type': 'application/json; charset=utf-8', 'Content-Length': '1601', 'Date': 'Sun, 26 Jun 2022 22:48:52 GMT', 'Connection': 'keep-alive', 'Keep-Alive': 'timeout=5'} 
 body={
    "quantidade": 8,
    "produtos": [
        {
            "nome": "Logitech MX Vertical",
            "preco": 470,
            "descricao": "Mouse",
            "quantidade": 379,
            "_id": "BeeJh5lz3k6kSIzA"
        },
        {
            "nome": "Teclado RGB",
            "preco": 300,
            "descricao": "Teclado",
            "quantidade": 200,
            "_id": "Gndf7Ah6lEA5jEBa"
        },
        {
            "nome": "Samsung 60 polegadas",
            "preco": 5240,
            "descricao": "TV",
            "quantidade": 49977,
            "_id": "K6leHdftCeOJj8BJ"
        },
        {
            "nome": "Fone de Ouvido Bluetooth",
            "preco": 220,
            "descricao": "Fone de Ouvido",
            "quantidade": 80,
            "_id": "V8Yx6NUyeZbdRkHO"
        },
        {
            "nome": "Notebook Ideapad",
            "preco": 2900,
            "descricao": "Notebook Editado",
            "quantidade": 5,
            "_id": "Yu3BvOemPgy7upqV"
        },
        {
            "nome": "Memoria RAM 4G",
            "preco": 350,
            "descricao": "Memoria",
            "quantidade": 20,
            "_id": "ZbwXRd9EBP3BnVnm"
        },
        {
            "nome": "Carregador Original",
            "preco": 120,
            "descricao": "Carregador",
            "quantidade": 100,
            "_id": "a7R4IxZWB5XgKwAc"
        },
        {
            "nome": "Headset RGB",
            "preco": 380,
            "descricao": "Headset",
            "quantidade": 60,
            "_id": "ylpS79yF6Gl4Y8AQ"
        }
    ]
} 
 </msg>
<msg timestamp="20220626 19:48:52.402" level="INFO">${response} = &lt;Response [200]&gt;</msg>
<status status="PASS" starttime="20220626 19:48:52.397" endtime="20220626 19:48:52.402"/>
</kw>
<kw name="Log To Console" library="BuiltIn">
<arg>Response: ${response.content}</arg>
<doc>Logs the given message to the console.</doc>
<status status="PASS" starttime="20220626 19:48:52.402" endtime="20220626 19:48:52.403"/>
</kw>
<kw name="Set Global Variable" library="BuiltIn">
<arg>${response}</arg>
<doc>Makes a variable available globally in all tests and suites.</doc>
<msg timestamp="20220626 19:48:52.404" level="INFO">${response} = &lt;Response [200]&gt;</msg>
<status status="PASS" starttime="20220626 19:48:52.404" endtime="20220626 19:48:52.404"/>
</kw>
<status status="PASS" starttime="20220626 19:48:52.397" endtime="20220626 19:48:52.405"/>
</kw>
<kw name="Set Variable" library="BuiltIn">
<var>${id_produto}</var>
<arg>${response.json()["produtos"][0]["_id"]}</arg>
<doc>Returns the given values which can then be assigned to a variables.</doc>
<msg timestamp="20220626 19:48:52.406" level="INFO">${id_produto} = BeeJh5lz3k6kSIzA</msg>
<status status="PASS" starttime="20220626 19:48:52.405" endtime="20220626 19:48:52.406"/>
</kw>
<kw name="Set Global Variable" library="BuiltIn">
<arg>${id_produto}</arg>
<doc>Makes a variable available globally in all tests and suites.</doc>
<msg timestamp="20220626 19:48:52.407" level="INFO">${id_produto} = BeeJh5lz3k6kSIzA</msg>
<status status="PASS" starttime="20220626 19:48:52.406" endtime="20220626 19:48:52.407"/>
</kw>
<status status="PASS" starttime="20220626 19:48:52.396" endtime="20220626 19:48:52.408"/>
</kw>
<kw name="Convert String To JSON" library="JSONLibrary">
<var>${json}</var>
<arg>{"produtos": []}</arg>
<doc>Convert String to JSON object</doc>
<msg timestamp="20220626 19:48:52.408" level="INFO">${json} = {'produtos': []}</msg>
<status status="PASS" starttime="20220626 19:48:52.408" endtime="20220626 19:48:52.408"/>
</kw>
<kw name="Create Dictionary" library="BuiltIn">
<var>${payload}</var>
<arg>idProduto=${id_produto}</arg>
<arg>quantidade=${quantidade}</arg>
<doc>Creates and returns a dictionary based on the given ``items``.</doc>
<msg timestamp="20220626 19:48:52.409" level="INFO">${payload} = {'idProduto': 'BeeJh5lz3k6kSIzA', 'quantidade': '1'}</msg>
<status status="PASS" starttime="20220626 19:48:52.408" endtime="20220626 19:48:52.409"/>
</kw>
<kw name="Add Object To Json" library="JSONLibrary">
<var>${json}</var>
<arg>${json}</arg>
<arg>$..produtos</arg>
<arg>${payload}</arg>
<doc>Add an dictionary or list object to json object using json_path</doc>
<msg timestamp="20220626 19:48:52.437" level="INFO">${json} = {'produtos': [{'idProduto': 'BeeJh5lz3k6kSIzA', 'quantidade': '1'}]}</msg>
<status status="PASS" starttime="20220626 19:48:52.409" endtime="20220626 19:48:52.437"/>
</kw>
<kw name="Set Global Variable" library="BuiltIn">
<arg>${json}</arg>
<doc>Makes a variable available globally in all tests and suites.</doc>
<msg timestamp="20220626 19:48:52.438" level="INFO">${json} = {'produtos': [{'idProduto': 'BeeJh5lz3k6kSIzA', 'quantidade': '1'}]}</msg>
<status status="PASS" starttime="20220626 19:48:52.438" endtime="20220626 19:48:52.438"/>
</kw>
<status status="PASS" starttime="20220626 19:48:52.396" endtime="20220626 19:48:52.438"/>
</kw>
<kw name="POST endpoint /carrinhos" library="carrinhos_keywords">
<arg>${token_auth}</arg>
<kw name="Create Dictionary" library="BuiltIn">
<var>&amp;{header}</var>
<arg>Authorization=${token_auth}</arg>
<doc>Creates and returns a dictionary based on the given ``items``.</doc>
<msg timestamp="20220626 19:48:52.439" level="INFO">&amp;{header} = { Authorization=Bearer eyJhbGciOiJIUzI1NiIsInR5cCI6IkpXVCJ9.eyJlbWFpbCI6ImZ1bGFub0BxYS5jb20iLCJwYXNzd29yZCI6InRlc3RlIiwiaWF0IjoxNjU2MjgzNzMyLCJleHAiOjE2NTYyODQzMzJ9.LIHeNg2NjVdqXbms73iUMnEkDcmo6v1OwAP...</msg>
<status status="PASS" starttime="20220626 19:48:52.439" endtime="20220626 19:48:52.439"/>
</kw>
<kw name="POST On Session" library="RequestsLibrary">
<var>${response}</var>
<arg>serverest</arg>
<arg>/carrinhos</arg>
<arg>json=&amp;{json}</arg>
<arg>headers=${header}</arg>
<arg>expected_status=any</arg>
<doc>Sends a POST request on a previously created HTTP Session.</doc>
<msg timestamp="20220626 19:48:52.448" level="INFO">POST Request : url=http://localhost:3000/carrinhos 
 path_url=/carrinhos 
 headers={'User-Agent': 'python-requests/2.28.0', 'Accept-Encoding': 'gzip, deflate', 'Accept': '*/*', 'Connection': 'keep-alive', 'Authorization': 'Bearer eyJhbGciOiJIUzI1NiIsInR5cCI6IkpXVCJ9.eyJlbWFpbCI6ImZ1bGFub0BxYS5jb20iLCJwYXNzd29yZCI6InRlc3RlIiwiaWF0IjoxNjU2MjgzNzMyLCJleHAiOjE2NTYyODQzMzJ9.LIHeNg2NjVdqXbms73iUMnEkDcmo6v1OwAPhoAvOFYU', 'Content-Length': '68', 'Content-Type': 'application/json'} 
 body=b'{"produtos": [{"idProduto": "BeeJh5lz3k6kSIzA", "quantidade": "1"}]}' 
 </msg>
<msg timestamp="20220626 19:48:52.448" level="INFO">POST Response : url=http://localhost:3000/carrinhos 
 status=201, reason=Created 
 headers={'Access-Control-Allow-Origin': '*', 'x-dns-prefetch-control': 'off', 'x-frame-options': 'SAMEORIGIN', 'strict-transport-security': 'max-age=15552000; includeSubDomains', 'x-download-options': 'noopen', 'x-content-type-options': 'nosniff', 'x-xss-protection': '1; mode=block', 'x-moesif-transaction-id': 'b86cc4f5-03cf-4e05-bdb9-03ed345df3d3', 'Content-Type': 'application/json; charset=utf-8', 'Content-Length': '82', 'Date': 'Sun, 26 Jun 2022 22:48:52 GMT', 'Connection': 'keep-alive', 'Keep-Alive': 'timeout=5'} 
 body={
    "message": "Cadastro realizado com sucesso",
    "_id": "qykMNzrV0ceFJusX"
} 
 </msg>
<msg timestamp="20220626 19:48:52.448" level="INFO">${response} = &lt;Response [201]&gt;</msg>
<status status="PASS" starttime="20220626 19:48:52.439" endtime="20220626 19:48:52.448"/>
</kw>
<kw name="Log To Console" library="BuiltIn">
<arg>Response: ${response.content}</arg>
<doc>Logs the given message to the console.</doc>
<status status="PASS" starttime="20220626 19:48:52.448" endtime="20220626 19:48:52.452"/>
</kw>
<kw name="Set Global Variable" library="BuiltIn">
<arg>${response}</arg>
<doc>Makes a variable available globally in all tests and suites.</doc>
<msg timestamp="20220626 19:48:52.453" level="INFO">${response} = &lt;Response [201]&gt;</msg>
<status status="PASS" starttime="20220626 19:48:52.452" endtime="20220626 19:48:52.453"/>
</kw>
<status status="PASS" starttime="20220626 19:48:52.438" endtime="20220626 19:48:52.454"/>
</kw>
<status status="PASS" starttime="20220626 19:48:52.376" endtime="20220626 19:48:52.454"/>
</kw>
<kw name="DELETE endpoint /carrinhos" library="carrinhos_keywords">
<arg>cancelar-compra</arg>
<arg>${token_invalido}</arg>
<kw name="Create Dictionary" library="BuiltIn">
<var>&amp;{header}</var>
<arg>Authorization=${token_auth}</arg>
<doc>Creates and returns a dictionary based on the given ``items``.</doc>
<msg timestamp="20220626 19:48:52.456" level="INFO">&amp;{header} = { Authorization=tokeninvalido123 }</msg>
<status status="PASS" starttime="20220626 19:48:52.456" endtime="20220626 19:48:52.456"/>
</kw>
<kw name="DELETE On Session" library="RequestsLibrary">
<var>${response}</var>
<arg>serverest</arg>
<arg>/carrinhos/${tipo_compra}</arg>
<arg>headers=${header}</arg>
<arg>expected_status=any</arg>
<doc>Sends a DELETE request on a previously created HTTP Session.</doc>
<msg timestamp="20220626 19:48:52.464" level="INFO">DELETE Request : url=http://localhost:3000/carrinhos/cancelar-compra 
 path_url=/carrinhos/cancelar-compra 
 headers={'User-Agent': 'python-requests/2.28.0', 'Accept-Encoding': 'gzip, deflate', 'Accept': '*/*', 'Connection': 'keep-alive', 'Authorization': 'tokeninvalido123', 'Content-Length': '0'} 
 body=None 
 </msg>
<msg timestamp="20220626 19:48:52.465" level="INFO">DELETE Response : url=http://localhost:3000/carrinhos/cancelar-compra 
 status=401, reason=Unauthorized 
 headers={'Access-Control-Allow-Origin': '*', 'x-dns-prefetch-control': 'off', 'x-frame-options': 'SAMEORIGIN', 'strict-transport-security': 'max-age=15552000; includeSubDomains', 'x-download-options': 'noopen', 'x-content-type-options': 'nosniff', 'x-xss-protection': '1; mode=block', 'x-moesif-transaction-id': 'e474251e-2fb8-4c60-a5b8-aa2863b2b96c', 'Content-Type': 'application/json; charset=utf-8', 'Content-Length': '103', 'Date': 'Sun, 26 Jun 2022 22:48:52 GMT', 'Connection': 'keep-alive', 'Keep-Alive': 'timeout=5'} 
 body={
    "message": "Token de acesso ausente, inválido, expirado ou usuário do token não existe mais"
} 
 </msg>
<msg timestamp="20220626 19:48:52.465" level="INFO">${response} = &lt;Response [401]&gt;</msg>
<status status="PASS" starttime="20220626 19:48:52.456" endtime="20220626 19:48:52.465"/>
</kw>
<kw name="Log To Console" library="BuiltIn">
<arg>Response: ${response.content}</arg>
<doc>Logs the given message to the console.</doc>
<status status="PASS" starttime="20220626 19:48:52.465" endtime="20220626 19:48:52.468"/>
</kw>
<kw name="Set Global Variable" library="BuiltIn">
<arg>${response}</arg>
<doc>Makes a variable available globally in all tests and suites.</doc>
<msg timestamp="20220626 19:48:52.469" level="INFO">${response} = &lt;Response [401]&gt;</msg>
<status status="PASS" starttime="20220626 19:48:52.468" endtime="20220626 19:48:52.469"/>
</kw>
<status status="PASS" starttime="20220626 19:48:52.455" endtime="20220626 19:48:52.470"/>
</kw>
<kw name="Validar status code &quot;401&quot;" library="common" sourcename="Validar status code &quot;${statuscode}&quot;">
<kw name="Should Be True" library="BuiltIn">
<arg>${response.status_code} == ${statuscode}</arg>
<doc>Fails if the given condition is not true.</doc>
<status status="PASS" starttime="20220626 19:48:52.472" endtime="20220626 19:48:52.472"/>
</kw>
<status status="PASS" starttime="20220626 19:48:52.471" endtime="20220626 19:48:52.472"/>
</kw>
<kw name="Validar a Mensagem &quot;Token de acesso ausente, inválido, expirado ou usuário do token não existe mais&quot;" library="common" sourcename="Validar a mensagem &quot;${mensagem}&quot;">
<kw name="Should Be Equal" library="BuiltIn">
<arg>${response.json()["message"]}</arg>
<arg>${mensagem}</arg>
<doc>Fails if the given objects are unequal.</doc>
<status status="PASS" starttime="20220626 19:48:52.476" endtime="20220626 19:48:52.477"/>
</kw>
<status status="PASS" starttime="20220626 19:48:52.475" endtime="20220626 19:48:52.477"/>
</kw>
<tag>CARRINHOS</tag>
<tag>DELETE.CARRINHO.CANCELAR.TOKEN</tag>
<status status="PASS" starttime="20220626 19:48:52.373" endtime="20220626 19:48:52.481"/>
</test>
<doc>Arquivo simples para requisições HTTP em APIs Rest</doc>
<status status="PASS" starttime="20220626 19:48:48.760" endtime="20220626 19:48:52.486"/>
</suite>
<statistics>
<total>
<stat pass="39" fail="0" skip="0">All Tests</stat>
</total>
<tag>
<stat pass="9" fail="0" skip="0">CARRINHOS</stat>
<stat pass="1" fail="0" skip="0">DELETE.CARRINHO.CANCELAR.TOKEN</stat>
<stat pass="1" fail="0" skip="0">DELETE.CARRINHO.CONCLUIR.TOKEN</stat>
<stat pass="1" fail="0" skip="0">DELETE.COM.CARRINHO.CANCELAR</stat>
<stat pass="1" fail="0" skip="0">DELETE.COM.CARRINHO.CONCLUIR</stat>
<stat pass="1" fail="0" skip="0">DELETE.PRODUTO</stat>
<stat pass="1" fail="0" skip="0">DELETE.PRODUTO.ADM</stat>
<stat pass="1" fail="0" skip="0">DELETE.PRODUTO.CARRINHO</stat>
<stat pass="1" fail="0" skip="0">DELETE.PRODUTO.TOKEN</stat>
<stat pass="1" fail="0" skip="0">DELETE.SEM.CARRINHO.CANCELAR</stat>
<stat pass="1" fail="0" skip="0">DELETE.SEM.CARRINHO.CONCLUIR</stat>
<stat pass="1" fail="0" skip="0">DELETE.USUARIO</stat>
<stat pass="1" fail="0" skip="0">DELETE.USUARIO.CARRINHO</stat>
<stat pass="1" fail="0" skip="0">GET.CARRINHO</stat>
<stat pass="1" fail="0" skip="0">GET.CARRINHOS</stat>
<stat pass="1" fail="0" skip="0">GET.PRODUTO</stat>
<stat pass="1" fail="0" skip="0">GET.PRODUTO.ERRO</stat>
<stat pass="1" fail="0" skip="0">GET.PRODUTOS</stat>
<stat pass="1" fail="0" skip="0">GET.USUARIO</stat>
<stat pass="1" fail="0" skip="0">GET.USUARIO.ERRO</stat>
<stat pass="1" fail="0" skip="0">GET.USUARIOS</stat>
<stat pass="4" fail="0" skip="0">LOGIN</stat>
<stat pass="1" fail="0" skip="0">POST.CARRINHO</stat>
<stat pass="1" fail="0" skip="0">POST.LOGIN</stat>
<stat pass="1" fail="0" skip="0">POST.LOGIN.EMAIL</stat>
<stat pass="1" fail="0" skip="0">POST.LOGIN.ERRO</stat>
<stat pass="1" fail="0" skip="0">POST.LOGIN.SENHA</stat>
<stat pass="1" fail="0" skip="0">POST.PRODUTO</stat>
<stat pass="1" fail="0" skip="0">POST.PRODUTO.ADM</stat>
<stat pass="1" fail="0" skip="0">POST.PRODUTO.NOME</stat>
<stat pass="1" fail="0" skip="0">POST.PRODUTO.TOKEN</stat>
<stat pass="1" fail="0" skip="0">POST.USUARIO</stat>
<stat pass="1" fail="0" skip="0">POST.USUARIO.ERRO</stat>
<stat pass="16" fail="0" skip="0">PRODUTOS</stat>
<stat pass="1" fail="0" skip="0">PUT.PRODUTO</stat>
<stat pass="1" fail="0" skip="0">PUT.PRODUTO.ADM</stat>
<stat pass="1" fail="0" skip="0">PUT.PRODUTO.CRIAR</stat>
<stat pass="1" fail="0" skip="0">PUT.PRODUTO.ERRO</stat>
<stat pass="1" fail="0" skip="0">PUT.PRODUTO.TOKEN</stat>
<stat pass="1" fail="0" skip="0">PUT.USUARIO</stat>
<stat pass="1" fail="0" skip="0">PUT.USUARIO.CADASTRADO</stat>
<stat pass="1" fail="0" skip="0">PUT.USUARIO.CADASTRAR</stat>
<stat pass="10" fail="0" skip="0">USUARIOS</stat>
</tag>
<suite>
<stat pass="39" fail="0" skip="0" id="s1" name="Base">Base</stat>
</suite>
</statistics>
<errors>
</errors>
</robot>
